<?xml version="1.0" encoding="UTF-8"?>
<!-- Generated by org.testng.reporters.JUnitXMLReporter -->
<testsuite ignored="0" hostname="DESKTOP-8S7Q1A3" failures="1" tests="1" name="run.bat" time="34.24" errors="0" timestamp="2022-03-22T18:43:25 EDT">
  <testcase classname="schedulebee.FDMGroupAllyTest" name="fdmGroupAllyTest" time="4.756">
    <failure type="java.lang.AssertionError" message="Found 6 accessibility violations:
1) Elements must have sufficient color contrast: https://dequeuniversity.com/rules/axe/3.5/color-contrast?application=axeAPI
  a) [&amp;quot;.pt-3 &amp;gt; h2&amp;quot;]
    Fix any of the following:
      Element has insufficient color contrast of 2.39 (foreground color: #1daded, background color: #f8f8f8, font size: 45.0pt (60px), font weight: normal). Expected contrast ratio of 3:1


  b) [&amp;quot;p:nth-child(1) &amp;gt; a[target=\&amp;quot;_blank\&amp;quot;][rel=\&amp;quot;noopener\&amp;quot;]&amp;quot;]
    Fix any of the following:
      Element has insufficient color contrast of 2.54 (foreground color: #1daded, background color: #ffffff, font size: 12.0pt (16px), font weight: normal). Expected contrast ratio of 4.5:1


  c) [&amp;quot;.wp-block-column:nth-child(1) &amp;gt; ul &amp;gt; li:nth-child(1) &amp;gt; a&amp;quot;]
    Fix any of the following:
      Element has insufficient color contrast of 2.54 (foreground color: #1daded, background color: #ffffff, font size: 12.0pt (16px), font weight: normal). Expected contrast ratio of 4.5:1


  d) [&amp;quot;.wp-block-column:nth-child(1) &amp;gt; ul &amp;gt; li:nth-child(2) &amp;gt; a&amp;quot;]
    Fix any of the following:
      Element has insufficient color contrast of 2.54 (foreground color: #1daded, background color: #ffffff, font size: 12.0pt (16px), font weight: normal). Expected contrast ratio of 4.5:1


  e) [&amp;quot;.wp-block-column:nth-child(1) &amp;gt; ul &amp;gt; li:nth-child(3) &amp;gt; a&amp;quot;]
    Fix any of the following:
      Element has insufficient color contrast of 2.54 (foreground color: #1daded, background color: #ffffff, font size: 12.0pt (16px), font weight: normal). Expected contrast ratio of 4.5:1


  f) [&amp;quot;.wp-block-column:nth-child(1) &amp;gt; ul &amp;gt; li:nth-child(4) &amp;gt; a&amp;quot;]
    Fix any of the following:
      Element has insufficient color contrast of 2.54 (foreground color: #1daded, background color: #ffffff, font size: 12.0pt (16px), font weight: normal). Expected contrast ratio of 4.5:1


  g) [&amp;quot;.wp-block-column:nth-child(1) &amp;gt; ul &amp;gt; li:nth-child(5) &amp;gt; a&amp;quot;]
    Fix any of the following:
      Element has insufficient color contrast of 2.54 (foreground color: #1daded, background color: #ffffff, font size: 12.0pt (16px), font weight: normal). Expected contrast ratio of 4.5:1


  h) [&amp;quot;.wp-block-column:nth-child(1) &amp;gt; ul &amp;gt; li:nth-child(6) &amp;gt; a&amp;quot;]
    Fix any of the following:
      Element has insufficient color contrast of 2.54 (foreground color: #1daded, background color: #ffffff, font size: 12.0pt (16px), font weight: normal). Expected contrast ratio of 4.5:1


  i) [&amp;quot;.wp-block-column:nth-child(1) &amp;gt; ul &amp;gt; li:nth-child(7) &amp;gt; a&amp;quot;]
    Fix any of the following:
      Element has insufficient color contrast of 2.54 (foreground color: #1daded, background color: #ffffff, font size: 12.0pt (16px), font weight: normal). Expected contrast ratio of 4.5:1


  j) [&amp;quot;.pt-5&amp;quot;]
    Fix any of the following:
      Element has insufficient color contrast of 2.54 (foreground color: #1daded, background color: #ffffff, font size: 45.0pt (60px), font weight: normal). Expected contrast ratio of 3:1


  k) [&amp;quot;.text-block &amp;gt; h2&amp;quot;]
    Fix any of the following:
      Element has insufficient color contrast of 2.39 (foreground color: #1daded, background color: #f8f8f8, font size: 45.0pt (60px), font weight: normal). Expected contrast ratio of 3:1


  l) [&amp;quot;#section_9 &amp;gt; .container-lrg &amp;gt; h2&amp;quot;]
    Fix any of the following:
      Element has insufficient color contrast of 2.54 (foreground color: #1daded, background color: #ffffff, font size: 45.0pt (60px), font weight: normal). Expected contrast ratio of 3:1


  m) [&amp;quot;#section_10 &amp;gt; div &amp;gt; h2&amp;quot;]
    Fix any of the following:
      Element has insufficient color contrast of 2.54 (foreground color: #1daded, background color: #ffffff, font size: 45.0pt (60px), font weight: normal). Expected contrast ratio of 3:1


  n) [&amp;quot;.col-xl-4.col-md-6:nth-child(1) &amp;gt; .fdm-post-teaser &amp;gt; .fdm-post-teaser-inner[title=\&amp;quot;FDM\\ post\&amp;quot;][itemprop=\&amp;quot;url\&amp;quot;] &amp;gt; .teaser-text &amp;gt; h3&amp;quot;]
    Fix any of the following:
      Element has insufficient color contrast of 2.54 (foreground color: #1daded, background color: #ffffff, font size: 21.0pt (28px), font weight: normal). Expected contrast ratio of 3:1


  o) [&amp;quot;.col-xl-4.col-md-6:nth-child(2) &amp;gt; .fdm-post-teaser &amp;gt; .fdm-post-teaser-inner[title=\&amp;quot;FDM\\ post\&amp;quot;][itemprop=\&amp;quot;url\&amp;quot;] &amp;gt; .teaser-text &amp;gt; h3&amp;quot;]
    Fix any of the following:
      Element has insufficient color contrast of 2.54 (foreground color: #1daded, background color: #ffffff, font size: 21.0pt (28px), font weight: normal). Expected contrast ratio of 3:1


  p) [&amp;quot;.col-xl-4.col-md-6:nth-child(3) &amp;gt; .fdm-post-teaser &amp;gt; .fdm-post-teaser-inner[title=\&amp;quot;FDM\\ post\&amp;quot;][itemprop=\&amp;quot;url\&amp;quot;] &amp;gt; .teaser-text &amp;gt; h3&amp;quot;]
    Fix any of the following:
      Element has insufficient color contrast of 2.54 (foreground color: #1daded, background color: #ffffff, font size: 21.0pt (28px), font weight: normal). Expected contrast ratio of 3:1


  q) [&amp;quot;.loadmore &amp;gt; p:nth-child(1)&amp;quot;]
    Fix any of the following:
      Element has insufficient color contrast of 2.54 (foreground color: #1daded, background color: #ffffff, font size: 12.0pt (16px), font weight: normal). Expected contrast ratio of 4.5:1


2) id attribute value must be unique: https://dequeuniversity.com/rules/axe/3.5/duplicate-id?application=axeAPI
  a) [&amp;quot;script[src=\&amp;quot;\\/\\/js\\.hs-scripts\\.com\\/4411419\\.js\&amp;quot;][rel=\&amp;quot;preconnect\&amp;quot;][async=\&amp;quot;\&amp;quot;]&amp;quot;]
    Fix any of the following:
      Document has multiple static elements with the same id attribute


3) Heading levels should only increase by one: https://dequeuniversity.com/rules/axe/3.5/heading-order?application=axeAPI
  a) [&amp;quot;.fdm-techskills &amp;gt; h3&amp;quot;]
    Fix any of the following:
      Heading order invalid


  b) [&amp;quot;h6:nth-child(1)&amp;quot;]
    Fix any of the following:
      Heading order invalid


4) Images must have alternate text: https://dequeuniversity.com/rules/axe/3.5/image-alt?application=axeAPI
  a) [&amp;quot;a[target=\&amp;quot;_blank\&amp;quot;][rel=\&amp;quot;noopener\&amp;quot;] &amp;gt; img&amp;quot;]
    Fix any of the following:
      Element does not have an alt attribute
      aria-label attribute does not exist or is empty
      aria-labelledby attribute does not exist, references elements that do not exist or references elements that are empty
      Element has no title attribute or the title attribute is empty
      Element&amp;apos;s default semantics were not overridden with role=&amp;quot;presentation&amp;quot;
      Element&amp;apos;s default semantics were not overridden with role=&amp;quot;none&amp;quot;


  b) [&amp;quot;.wp-block-column.text-center &amp;gt; img&amp;quot;]
    Fix any of the following:
      Element does not have an alt attribute
      aria-label attribute does not exist or is empty
      aria-labelledby attribute does not exist, references elements that do not exist or references elements that are empty
      Element has no title attribute or the title attribute is empty
      Element&amp;apos;s default semantics were not overridden with role=&amp;quot;presentation&amp;quot;
      Element&amp;apos;s default semantics were not overridden with role=&amp;quot;none&amp;quot;


5) Links must have discernible text: https://dequeuniversity.com/rules/axe/3.5/link-name?application=axeAPI
  a) [&amp;quot;.navbar-brand&amp;quot;]
    Fix all of the following:
      Element is in tab order and does not have accessible text

    Fix any of the following:
      Element does not have text that is visible to screen readers
      aria-label attribute does not exist or is empty
      aria-labelledby attribute does not exist, references elements that do not exist or references elements that are empty
      Element&amp;apos;s default semantics were not overridden with role=&amp;quot;presentation&amp;quot;
      Element&amp;apos;s default semantics were not overridden with role=&amp;quot;none&amp;quot;


  b) [&amp;quot;h3 &amp;gt; a[target=\&amp;quot;_blank\&amp;quot;][rel=\&amp;quot;noopener\&amp;quot;]&amp;quot;]
    Fix all of the following:
      Element is in tab order and does not have accessible text

    Fix any of the following:
      Element does not have text that is visible to screen readers
      aria-label attribute does not exist or is empty
      aria-labelledby attribute does not exist, references elements that do not exist or references elements that are empty
      Element&amp;apos;s default semantics were not overridden with role=&amp;quot;presentation&amp;quot;
      Element&amp;apos;s default semantics were not overridden with role=&amp;quot;none&amp;quot;


6) All page content must be contained by landmarks: https://dequeuniversity.com/rules/axe/3.5/region?application=axeAPI
  a) [&amp;quot;.acceptcookies&amp;quot;]
    Fix any of the following:
      Some page content is not contained by landmarks


  b) [&amp;quot;.open-button&amp;quot;]
    Fix any of the following:
      Some page content is not contained by landmarks


  c) [&amp;quot;h6:nth-child(1)&amp;quot;]
    Fix any of the following:
      Some page content is not contained by landmarks


  d) [&amp;quot;#add_btn &amp;gt; .sr-only&amp;quot;]
    Fix any of the following:
      Some page content is not contained by landmarks


  e) [&amp;quot;.IS&amp;quot;]
    Fix any of the following:
      Some page content is not contained by landmarks


  f) [&amp;quot;#minus_btn &amp;gt; .sr-only&amp;quot;]
    Fix any of the following:
      Some page content is not contained by landmarks


  g) [&amp;quot;.DS&amp;quot;]
    Fix any of the following:
      Some page content is not contained by landmarks


  h) [&amp;quot;#reset &amp;gt; .sr-only&amp;quot;]
    Fix any of the following:
      Some page content is not contained by landmarks


  i) [&amp;quot;.RS&amp;quot;]
    Fix any of the following:
      Some page content is not contained by landmarks


  j) [&amp;quot;.underline &amp;gt; .sr-only&amp;quot;]
    Fix any of the following:
      Some page content is not contained by landmarks


  k) [&amp;quot;.UL&amp;quot;]
    Fix any of the following:
      Some page content is not contained by landmarks


  l) [&amp;quot;#underline_links &amp;gt; .sr-only&amp;quot;]
    Fix any of the following:
      Some page content is not contained by landmarks


  m) [&amp;quot;.HL&amp;quot;]
    Fix any of the following:
      Some page content is not contained by landmarks


  n) [&amp;quot;h6:nth-child(3)&amp;quot;]
    Fix any of the following:
      Some page content is not contained by landmarks


  o) [&amp;quot;.contrast&amp;quot;]
    Fix any of the following:
      Some page content is not contained by landmarks

 expected [true] but found [false]">
      <![CDATA[java.lang.AssertionError: Found 6 accessibility violations:
1) Elements must have sufficient color contrast: https://dequeuniversity.com/rules/axe/3.5/color-contrast?application=axeAPI
  a) [".pt-3 > h2"]
    Fix any of the following:
      Element has insufficient color contrast of 2.39 (foreground color: #1daded, background color: #f8f8f8, font size: 45.0pt (60px), font weight: normal). Expected contrast ratio of 3:1


  b) ["p:nth-child(1) > a[target=\"_blank\"][rel=\"noopener\"]"]
    Fix any of the following:
      Element has insufficient color contrast of 2.54 (foreground color: #1daded, background color: #ffffff, font size: 12.0pt (16px), font weight: normal). Expected contrast ratio of 4.5:1


  c) [".wp-block-column:nth-child(1) > ul > li:nth-child(1) > a"]
    Fix any of the following:
      Element has insufficient color contrast of 2.54 (foreground color: #1daded, background color: #ffffff, font size: 12.0pt (16px), font weight: normal). Expected contrast ratio of 4.5:1


  d) [".wp-block-column:nth-child(1) > ul > li:nth-child(2) > a"]
    Fix any of the following:
      Element has insufficient color contrast of 2.54 (foreground color: #1daded, background color: #ffffff, font size: 12.0pt (16px), font weight: normal). Expected contrast ratio of 4.5:1


  e) [".wp-block-column:nth-child(1) > ul > li:nth-child(3) > a"]
    Fix any of the following:
      Element has insufficient color contrast of 2.54 (foreground color: #1daded, background color: #ffffff, font size: 12.0pt (16px), font weight: normal). Expected contrast ratio of 4.5:1


  f) [".wp-block-column:nth-child(1) > ul > li:nth-child(4) > a"]
    Fix any of the following:
      Element has insufficient color contrast of 2.54 (foreground color: #1daded, background color: #ffffff, font size: 12.0pt (16px), font weight: normal). Expected contrast ratio of 4.5:1


  g) [".wp-block-column:nth-child(1) > ul > li:nth-child(5) > a"]
    Fix any of the following:
      Element has insufficient color contrast of 2.54 (foreground color: #1daded, background color: #ffffff, font size: 12.0pt (16px), font weight: normal). Expected contrast ratio of 4.5:1


  h) [".wp-block-column:nth-child(1) > ul > li:nth-child(6) > a"]
    Fix any of the following:
      Element has insufficient color contrast of 2.54 (foreground color: #1daded, background color: #ffffff, font size: 12.0pt (16px), font weight: normal). Expected contrast ratio of 4.5:1


  i) [".wp-block-column:nth-child(1) > ul > li:nth-child(7) > a"]
    Fix any of the following:
      Element has insufficient color contrast of 2.54 (foreground color: #1daded, background color: #ffffff, font size: 12.0pt (16px), font weight: normal). Expected contrast ratio of 4.5:1


  j) [".pt-5"]
    Fix any of the following:
      Element has insufficient color contrast of 2.54 (foreground color: #1daded, background color: #ffffff, font size: 45.0pt (60px), font weight: normal). Expected contrast ratio of 3:1


  k) [".text-block > h2"]
    Fix any of the following:
      Element has insufficient color contrast of 2.39 (foreground color: #1daded, background color: #f8f8f8, font size: 45.0pt (60px), font weight: normal). Expected contrast ratio of 3:1


  l) ["#section_9 > .container-lrg > h2"]
    Fix any of the following:
      Element has insufficient color contrast of 2.54 (foreground color: #1daded, background color: #ffffff, font size: 45.0pt (60px), font weight: normal). Expected contrast ratio of 3:1


  m) ["#section_10 > div > h2"]
    Fix any of the following:
      Element has insufficient color contrast of 2.54 (foreground color: #1daded, background color: #ffffff, font size: 45.0pt (60px), font weight: normal). Expected contrast ratio of 3:1


  n) [".col-xl-4.col-md-6:nth-child(1) > .fdm-post-teaser > .fdm-post-teaser-inner[title=\"FDM\\ post\"][itemprop=\"url\"] > .teaser-text > h3"]
    Fix any of the following:
      Element has insufficient color contrast of 2.54 (foreground color: #1daded, background color: #ffffff, font size: 21.0pt (28px), font weight: normal). Expected contrast ratio of 3:1


  o) [".col-xl-4.col-md-6:nth-child(2) > .fdm-post-teaser > .fdm-post-teaser-inner[title=\"FDM\\ post\"][itemprop=\"url\"] > .teaser-text > h3"]
    Fix any of the following:
      Element has insufficient color contrast of 2.54 (foreground color: #1daded, background color: #ffffff, font size: 21.0pt (28px), font weight: normal). Expected contrast ratio of 3:1


  p) [".col-xl-4.col-md-6:nth-child(3) > .fdm-post-teaser > .fdm-post-teaser-inner[title=\"FDM\\ post\"][itemprop=\"url\"] > .teaser-text > h3"]
    Fix any of the following:
      Element has insufficient color contrast of 2.54 (foreground color: #1daded, background color: #ffffff, font size: 21.0pt (28px), font weight: normal). Expected contrast ratio of 3:1


  q) [".loadmore > p:nth-child(1)"]
    Fix any of the following:
      Element has insufficient color contrast of 2.54 (foreground color: #1daded, background color: #ffffff, font size: 12.0pt (16px), font weight: normal). Expected contrast ratio of 4.5:1


2) id attribute value must be unique: https://dequeuniversity.com/rules/axe/3.5/duplicate-id?application=axeAPI
  a) ["script[src=\"\\/\\/js\\.hs-scripts\\.com\\/4411419\\.js\"][rel=\"preconnect\"][async=\"\"]"]
    Fix any of the following:
      Document has multiple static elements with the same id attribute


3) Heading levels should only increase by one: https://dequeuniversity.com/rules/axe/3.5/heading-order?application=axeAPI
  a) [".fdm-techskills > h3"]
    Fix any of the following:
      Heading order invalid


  b) ["h6:nth-child(1)"]
    Fix any of the following:
      Heading order invalid


4) Images must have alternate text: https://dequeuniversity.com/rules/axe/3.5/image-alt?application=axeAPI
  a) ["a[target=\"_blank\"][rel=\"noopener\"] > img"]
    Fix any of the following:
      Element does not have an alt attribute
      aria-label attribute does not exist or is empty
      aria-labelledby attribute does not exist, references elements that do not exist or references elements that are empty
      Element has no title attribute or the title attribute is empty
      Element's default semantics were not overridden with role="presentation"
      Element's default semantics were not overridden with role="none"


  b) [".wp-block-column.text-center > img"]
    Fix any of the following:
      Element does not have an alt attribute
      aria-label attribute does not exist or is empty
      aria-labelledby attribute does not exist, references elements that do not exist or references elements that are empty
      Element has no title attribute or the title attribute is empty
      Element's default semantics were not overridden with role="presentation"
      Element's default semantics were not overridden with role="none"


5) Links must have discernible text: https://dequeuniversity.com/rules/axe/3.5/link-name?application=axeAPI
  a) [".navbar-brand"]
    Fix all of the following:
      Element is in tab order and does not have accessible text

    Fix any of the following:
      Element does not have text that is visible to screen readers
      aria-label attribute does not exist or is empty
      aria-labelledby attribute does not exist, references elements that do not exist or references elements that are empty
      Element's default semantics were not overridden with role="presentation"
      Element's default semantics were not overridden with role="none"


  b) ["h3 > a[target=\"_blank\"][rel=\"noopener\"]"]
    Fix all of the following:
      Element is in tab order and does not have accessible text

    Fix any of the following:
      Element does not have text that is visible to screen readers
      aria-label attribute does not exist or is empty
      aria-labelledby attribute does not exist, references elements that do not exist or references elements that are empty
      Element's default semantics were not overridden with role="presentation"
      Element's default semantics were not overridden with role="none"


6) All page content must be contained by landmarks: https://dequeuniversity.com/rules/axe/3.5/region?application=axeAPI
  a) [".acceptcookies"]
    Fix any of the following:
      Some page content is not contained by landmarks


  b) [".open-button"]
    Fix any of the following:
      Some page content is not contained by landmarks


  c) ["h6:nth-child(1)"]
    Fix any of the following:
      Some page content is not contained by landmarks


  d) ["#add_btn > .sr-only"]
    Fix any of the following:
      Some page content is not contained by landmarks


  e) [".IS"]
    Fix any of the following:
      Some page content is not contained by landmarks


  f) ["#minus_btn > .sr-only"]
    Fix any of the following:
      Some page content is not contained by landmarks


  g) [".DS"]
    Fix any of the following:
      Some page content is not contained by landmarks


  h) ["#reset > .sr-only"]
    Fix any of the following:
      Some page content is not contained by landmarks


  i) [".RS"]
    Fix any of the following:
      Some page content is not contained by landmarks


  j) [".underline > .sr-only"]
    Fix any of the following:
      Some page content is not contained by landmarks


  k) [".UL"]
    Fix any of the following:
      Some page content is not contained by landmarks


  l) ["#underline_links > .sr-only"]
    Fix any of the following:
      Some page content is not contained by landmarks


  m) [".HL"]
    Fix any of the following:
      Some page content is not contained by landmarks


  n) ["h6:nth-child(3)"]
    Fix any of the following:
      Some page content is not contained by landmarks


  o) [".contrast"]
    Fix any of the following:
      Some page content is not contained by landmarks

 expected [true] but found [false]
at schedulebee.FDMGroupAllyTest.fdmGroupAllyTest(FDMGroupAllyTest.java:42)
at java.base/java.util.ArrayList.forEach(ArrayList.java:1541)
at com.intellij.rt.testng.IDEARemoteTestNG.run(IDEARemoteTestNG.java:66)
at com.intellij.rt.testng.RemoteTestNGStarter.main(RemoteTestNGStarter.java:109)
... Removed 27 stack frames]]>
    </failure>
  </testcase> <!-- fdmGroupAllyTest -->
</testsuite> <!-- run.bat -->
