<?xml version="1.0" encoding="UTF-8"?>
<testsuite xmlns:xsi="http://www.w3.org/2001/XMLSchema-instance" xsi:noNamespaceSchemaLocation="https://maven.apache.org/surefire/maven-surefire-plugin/xsd/surefire-test-report-3.0.xsd" version="3.0" name="com.deashadow.seleniumtests.SeleniumEdgeTest" time="140.539" tests="3" errors="1" skipped="0" failures="0">
  <properties>
[...]
</properties>
  <testcase name="heroTest" classname="com.deashadow.seleniumtests.SeleniumEdgeTest" time="79.697">
    <error type="org.openqa.selenium.SessionNotCreatedException"><![CDATA[org.openqa.selenium.SessionNotCreatedException: 
Could not start a new session. Response code 500. Message: unknown error: DevToolsActivePort file doesn't exist
Build info: version: '4.1.2', revision: '9a5a329c5a'
System info: host: 'DESKTOP-8S7Q1A3', ip: '192.168.0.7', os.name: 'Windows 10', os.arch: 'amd64', os.version: '10.0', java.version: '11.0.11'
Driver info: org.openqa.selenium.edge.EdgeDriver
Command: [null, newSession {capabilities=[Capabilities {browserName: MicrosoftEdge, ms:edgeOptions: {args: [], extensions: []}}], desiredCapabilities=Capabilities {browserName: MicrosoftEdge, ms:edgeOptions: {args: [], extensions: []}}}]
	at com.deashadow.seleniumtests.SeleniumEdgeTest.heroTest(SeleniumEdgeTest.java:21)
]]></error>
    <system-err><![CDATA[Mar 17, 2022 2:33:37 PM org.junit.vintage.engine.support.UniqueIdReader lambda$apply$1
WARNING: Could not read unique ID for Description; using display name instead: heroTest(com.deashadow.seleniumtests.SeleniumEdgeTest)
java.lang.NoSuchFieldException: fUniqueId
	at java.base/java.lang.Class.getDeclaredField(Class.java:2411)
	at org.junit.platform.commons.util.ReflectionUtils.lambda$tryToReadFieldValue$2(ReflectionUtils.java:561)
	at org.junit.platform.commons.function.Try.lambda$call$0(Try.java:57)
	at org.junit.platform.commons.function.Try.of(Try.java:93)
	at org.junit.platform.commons.function.Try.call(Try.java:57)
	at org.junit.platform.commons.util.ReflectionUtils.tryToReadFieldValue(ReflectionUtils.java:561)
	at org.junit.vintage.engine.support.UniqueIdReader.apply(UniqueIdReader.java:47)
	at org.junit.vintage.engine.support.UniqueIdReader.apply(UniqueIdReader.java:28)
	at java.base/java.util.function.Function.lambda$andThen$1(Function.java:88)
	at java.base/java.util.stream.Collectors.lambda$groupingBy$53(Collectors.java:1127)
	at java.base/java.util.stream.ReduceOps$3ReducingSink.accept(ReduceOps.java:169)
	at java.base/java.util.ArrayList$ArrayListSpliterator.forEachRemaining(ArrayList.java:1655)
	at java.base/java.util.stream.AbstractPipeline.copyInto(AbstractPipeline.java:484)
	at java.base/java.util.stream.AbstractPipeline.wrapAndCopyInto(AbstractPipeline.java:474)
	at java.base/java.util.stream.ReduceOps$ReduceOp.evaluateSequential(ReduceOps.java:913)
	at java.base/java.util.stream.AbstractPipeline.evaluate(AbstractPipeline.java:234)
	at java.base/java.util.stream.ReferencePipeline.collect(ReferencePipeline.java:578)
	at org.junit.vintage.engine.discovery.RunnerTestDescriptorPostProcessor.addChildrenRecursively(RunnerTestDescriptorPostProcessor.java:52)
	at org.junit.vintage.engine.discovery.RunnerTestDescriptorPostProcessor.applyFiltersAndCreateDescendants(RunnerTestDescriptorPostProcessor.java:45)
	at java.base/java.util.stream.ForEachOps$ForEachOp$OfRef.accept(ForEachOps.java:183)
	at java.base/java.util.stream.ReferencePipeline$3$1.accept(ReferencePipeline.java:195)
	at java.base/java.util.stream.ReferencePipeline$2$1.accept(ReferencePipeline.java:177)
	at java.base/java.util.Iterator.forEachRemaining(Iterator.java:133)
	at java.base/java.util.Spliterators$IteratorSpliterator.forEachRemaining(Spliterators.java:1801)
	at java.base/java.util.stream.AbstractPipeline.copyInto(AbstractPipeline.java:484)
	at java.base/java.util.stream.AbstractPipeline.wrapAndCopyInto(AbstractPipeline.java:474)
	at java.base/java.util.stream.ForEachOps$ForEachOp.evaluateSequential(ForEachOps.java:150)
	at java.base/java.util.stream.ForEachOps$ForEachOp$OfRef.evaluateSequential(ForEachOps.java:173)
	at java.base/java.util.stream.AbstractPipeline.evaluate(AbstractPipeline.java:234)
	at java.base/java.util.stream.ReferencePipeline.forEach(ReferencePipeline.java:497)
	at org.junit.vintage.engine.discovery.VintageDiscoverer.discover(VintageDiscoverer.java:50)
	at org.junit.vintage.engine.VintageTestEngine.discover(VintageTestEngine.java:63)
	at org.junit.platform.launcher.core.EngineDiscoveryOrchestrator.discoverEngineRoot(EngineDiscoveryOrchestrator.java:103)
	at org.junit.platform.launcher.core.EngineDiscoveryOrchestrator.discover(EngineDiscoveryOrchestrator.java:85)
	at org.junit.platform.launcher.core.DefaultLauncher.discover(DefaultLauncher.java:92)
	at org.junit.platform.launcher.core.DefaultLauncher.discover(DefaultLauncher.java:67)
	at org.apache.maven.surefire.junitplatform.TestPlanScannerFilter.accept(TestPlanScannerFilter.java:56)
	at org.apache.maven.surefire.api.util.DefaultScanResult.applyFilter(DefaultScanResult.java:102)
	at org.apache.maven.surefire.junitplatform.JUnitPlatformProvider.scanClasspath(JUnitPlatformProvider.java:147)
	at org.apache.maven.surefire.junitplatform.JUnitPlatformProvider.invoke(JUnitPlatformProvider.java:128)
	at org.apache.maven.surefire.booter.ForkedBooter.runSuitesInProcess(ForkedBooter.java:428)
	at org.apache.maven.surefire.booter.ForkedBooter.execute(ForkedBooter.java:162)
	at org.apache.maven.surefire.booter.ForkedBooter.run(ForkedBooter.java:562)
	at org.apache.maven.surefire.booter.ForkedBooter.main(ForkedBooter.java:548)

Mar 17, 2022 2:33:37 PM org.junit.vintage.engine.support.UniqueIdReader lambda$apply$1
WARNING: Could not read unique ID for Description; using display name instead: cypressTest(com.deashadow.seleniumtests.SeleniumEdgeTest)
java.lang.NoSuchFieldException: fUniqueId
	at java.base/java.lang.Class.getDeclaredField(Class.java:2411)
	at org.junit.platform.commons.util.ReflectionUtils.lambda$tryToReadFieldValue$2(ReflectionUtils.java:561)
	at org.junit.platform.commons.function.Try.lambda$call$0(Try.java:57)
	at org.junit.platform.commons.function.Try.of(Try.java:93)
	at org.junit.platform.commons.function.Try.call(Try.java:57)
	at org.junit.platform.commons.util.ReflectionUtils.tryToReadFieldValue(ReflectionUtils.java:561)
	at org.junit.vintage.engine.support.UniqueIdReader.apply(UniqueIdReader.java:47)
	at org.junit.vintage.engine.support.UniqueIdReader.apply(UniqueIdReader.java:28)
	at java.base/java.util.function.Function.lambda$andThen$1(Function.java:88)
	at java.base/java.util.stream.Collectors.lambda$groupingBy$53(Collectors.java:1127)
	at java.base/java.util.stream.ReduceOps$3ReducingSink.accept(ReduceOps.java:169)
	at java.base/java.util.ArrayList$ArrayListSpliterator.forEachRemaining(ArrayList.java:1655)
	at java.base/java.util.stream.AbstractPipeline.copyInto(AbstractPipeline.java:484)
	at java.base/java.util.stream.AbstractPipeline.wrapAndCopyInto(AbstractPipeline.java:474)
	at java.base/java.util.stream.ReduceOps$ReduceOp.evaluateSequential(ReduceOps.java:913)
	at java.base/java.util.stream.AbstractPipeline.evaluate(AbstractPipeline.java:234)
	at java.base/java.util.stream.ReferencePipeline.collect(ReferencePipeline.java:578)
	at org.junit.vintage.engine.discovery.RunnerTestDescriptorPostProcessor.addChildrenRecursively(RunnerTestDescriptorPostProcessor.java:52)
	at org.junit.vintage.engine.discovery.RunnerTestDescriptorPostProcessor.applyFiltersAndCreateDescendants(RunnerTestDescriptorPostProcessor.java:45)
	at java.base/java.util.stream.ForEachOps$ForEachOp$OfRef.accept(ForEachOps.java:183)
	at java.base/java.util.stream.ReferencePipeline$3$1.accept(ReferencePipeline.java:195)
	at java.base/java.util.stream.ReferencePipeline$2$1.accept(ReferencePipeline.java:177)
	at java.base/java.util.Iterator.forEachRemaining(Iterator.java:133)
	at java.base/java.util.Spliterators$IteratorSpliterator.forEachRemaining(Spliterators.java:1801)
	at java.base/java.util.stream.AbstractPipeline.copyInto(AbstractPipeline.java:484)
	at java.base/java.util.stream.AbstractPipeline.wrapAndCopyInto(AbstractPipeline.java:474)
	at java.base/java.util.stream.ForEachOps$ForEachOp.evaluateSequential(ForEachOps.java:150)
	at java.base/java.util.stream.ForEachOps$ForEachOp$OfRef.evaluateSequential(ForEachOps.java:173)
	at java.base/java.util.stream.AbstractPipeline.evaluate(AbstractPipeline.java:234)
	at java.base/java.util.stream.ReferencePipeline.forEach(ReferencePipeline.java:497)
	at org.junit.vintage.engine.discovery.VintageDiscoverer.discover(VintageDiscoverer.java:50)
	at org.junit.vintage.engine.VintageTestEngine.discover(VintageTestEngine.java:63)
	at org.junit.platform.launcher.core.EngineDiscoveryOrchestrator.discoverEngineRoot(EngineDiscoveryOrchestrator.java:103)
	at org.junit.platform.launcher.core.EngineDiscoveryOrchestrator.discover(EngineDiscoveryOrchestrator.java:85)
	at org.junit.platform.launcher.core.DefaultLauncher.discover(DefaultLauncher.java:92)
	at org.junit.platform.launcher.core.DefaultLauncher.discover(DefaultLauncher.java:67)
	at org.apache.maven.surefire.junitplatform.TestPlanScannerFilter.accept(TestPlanScannerFilter.java:56)
	at org.apache.maven.surefire.api.util.DefaultScanResult.applyFilter(DefaultScanResult.java:102)
	at org.apache.maven.surefire.junitplatform.JUnitPlatformProvider.scanClasspath(JUnitPlatformProvider.java:147)
	at org.apache.maven.surefire.junitplatform.JUnitPlatformProvider.invoke(JUnitPlatformProvider.java:128)
	at org.apache.maven.surefire.booter.ForkedBooter.runSuitesInProcess(ForkedBooter.java:428)
	at org.apache.maven.surefire.booter.ForkedBooter.execute(ForkedBooter.java:162)
	at org.apache.maven.surefire.booter.ForkedBooter.run(ForkedBooter.java:562)
	at org.apache.maven.surefire.booter.ForkedBooter.main(ForkedBooter.java:548)

Mar 17, 2022 2:33:37 PM org.junit.vintage.engine.support.UniqueIdReader lambda$apply$1
WARNING: Could not read unique ID for Description; using display name instead: shoppingCartTest(com.deashadow.seleniumtests.SeleniumEdgeTest)
java.lang.NoSuchFieldException: fUniqueId
	at java.base/java.lang.Class.getDeclaredField(Class.java:2411)
	at org.junit.platform.commons.util.ReflectionUtils.lambda$tryToReadFieldValue$2(ReflectionUtils.java:561)
	at org.junit.platform.commons.function.Try.lambda$call$0(Try.java:57)
	at org.junit.platform.commons.function.Try.of(Try.java:93)
	at org.junit.platform.commons.function.Try.call(Try.java:57)
	at org.junit.platform.commons.util.ReflectionUtils.tryToReadFieldValue(ReflectionUtils.java:561)
	at org.junit.vintage.engine.support.UniqueIdReader.apply(UniqueIdReader.java:47)
	at org.junit.vintage.engine.support.UniqueIdReader.apply(UniqueIdReader.java:28)
	at java.base/java.util.function.Function.lambda$andThen$1(Function.java:88)
	at java.base/java.util.stream.Collectors.lambda$groupingBy$53(Collectors.java:1127)
	at java.base/java.util.stream.ReduceOps$3ReducingSink.accept(ReduceOps.java:169)
	at java.base/java.util.ArrayList$ArrayListSpliterator.forEachRemaining(ArrayList.java:1655)
	at java.base/java.util.stream.AbstractPipeline.copyInto(AbstractPipeline.java:484)
	at java.base/java.util.stream.AbstractPipeline.wrapAndCopyInto(AbstractPipeline.java:474)
	at java.base/java.util.stream.ReduceOps$ReduceOp.evaluateSequential(ReduceOps.java:913)
	at java.base/java.util.stream.AbstractPipeline.evaluate(AbstractPipeline.java:234)
	at java.base/java.util.stream.ReferencePipeline.collect(ReferencePipeline.java:578)
	at org.junit.vintage.engine.discovery.RunnerTestDescriptorPostProcessor.addChildrenRecursively(RunnerTestDescriptorPostProcessor.java:52)
	at org.junit.vintage.engine.discovery.RunnerTestDescriptorPostProcessor.applyFiltersAndCreateDescendants(RunnerTestDescriptorPostProcessor.java:45)
	at java.base/java.util.stream.ForEachOps$ForEachOp$OfRef.accept(ForEachOps.java:183)
	at java.base/java.util.stream.ReferencePipeline$3$1.accept(ReferencePipeline.java:195)
	at java.base/java.util.stream.ReferencePipeline$2$1.accept(ReferencePipeline.java:177)
	at java.base/java.util.Iterator.forEachRemaining(Iterator.java:133)
	at java.base/java.util.Spliterators$IteratorSpliterator.forEachRemaining(Spliterators.java:1801)
	at java.base/java.util.stream.AbstractPipeline.copyInto(AbstractPipeline.java:484)
	at java.base/java.util.stream.AbstractPipeline.wrapAndCopyInto(AbstractPipeline.java:474)
	at java.base/java.util.stream.ForEachOps$ForEachOp.evaluateSequential(ForEachOps.java:150)
	at java.base/java.util.stream.ForEachOps$ForEachOp$OfRef.evaluateSequential(ForEachOps.java:173)
	at java.base/java.util.stream.AbstractPipeline.evaluate(AbstractPipeline.java:234)
	at java.base/java.util.stream.ReferencePipeline.forEach(ReferencePipeline.java:497)
	at org.junit.vintage.engine.discovery.VintageDiscoverer.discover(VintageDiscoverer.java:50)
	at org.junit.vintage.engine.VintageTestEngine.discover(VintageTestEngine.java:63)
	at org.junit.platform.launcher.core.EngineDiscoveryOrchestrator.discoverEngineRoot(EngineDiscoveryOrchestrator.java:103)
	at org.junit.platform.launcher.core.EngineDiscoveryOrchestrator.discover(EngineDiscoveryOrchestrator.java:85)
	at org.junit.platform.launcher.core.DefaultLauncher.discover(DefaultLauncher.java:92)
	at org.junit.platform.launcher.core.DefaultLauncher.discover(DefaultLauncher.java:67)
	at org.apache.maven.surefire.junitplatform.TestPlanScannerFilter.accept(TestPlanScannerFilter.java:56)
	at org.apache.maven.surefire.api.util.DefaultScanResult.applyFilter(DefaultScanResult.java:102)
	at org.apache.maven.surefire.junitplatform.JUnitPlatformProvider.scanClasspath(JUnitPlatformProvider.java:147)
	at org.apache.maven.surefire.junitplatform.JUnitPlatformProvider.invoke(JUnitPlatformProvider.java:128)
	at org.apache.maven.surefire.booter.ForkedBooter.runSuitesInProcess(ForkedBooter.java:428)
	at org.apache.maven.surefire.booter.ForkedBooter.execute(ForkedBooter.java:162)
	at org.apache.maven.surefire.booter.ForkedBooter.run(ForkedBooter.java:562)
	at org.apache.maven.surefire.booter.ForkedBooter.main(ForkedBooter.java:548)

Mar 17, 2022 2:33:37 PM org.junit.vintage.engine.support.UniqueIdReader lambda$apply$1
WARNING: Could not read unique ID for Description; using display name instead: AutofillTest(completewebform.WebFormTest)
java.lang.NoSuchFieldException: fUniqueId
	at java.base/java.lang.Class.getDeclaredField(Class.java:2411)
	at org.junit.platform.commons.util.ReflectionUtils.lambda$tryToReadFieldValue$2(ReflectionUtils.java:561)
	at org.junit.platform.commons.function.Try.lambda$call$0(Try.java:57)
	at org.junit.platform.commons.function.Try.of(Try.java:93)
	at org.junit.platform.commons.function.Try.call(Try.java:57)
	at org.junit.platform.commons.util.ReflectionUtils.tryToReadFieldValue(ReflectionUtils.java:561)
	at org.junit.vintage.engine.support.UniqueIdReader.apply(UniqueIdReader.java:47)
	at org.junit.vintage.engine.support.UniqueIdReader.apply(UniqueIdReader.java:28)
	at java.base/java.util.function.Function.lambda$andThen$1(Function.java:88)
	at java.base/java.util.stream.Collectors.lambda$groupingBy$53(Collectors.java:1127)
	at java.base/java.util.stream.ReduceOps$3ReducingSink.accept(ReduceOps.java:169)
	at java.base/java.util.ArrayList$ArrayListSpliterator.forEachRemaining(ArrayList.java:1655)
	at java.base/java.util.stream.AbstractPipeline.copyInto(AbstractPipeline.java:484)
	at java.base/java.util.stream.AbstractPipeline.wrapAndCopyInto(AbstractPipeline.java:474)
	at java.base/java.util.stream.ReduceOps$ReduceOp.evaluateSequential(ReduceOps.java:913)
	at java.base/java.util.stream.AbstractPipeline.evaluate(AbstractPipeline.java:234)
	at java.base/java.util.stream.ReferencePipeline.collect(ReferencePipeline.java:578)
	at org.junit.vintage.engine.discovery.RunnerTestDescriptorPostProcessor.addChildrenRecursively(RunnerTestDescriptorPostProcessor.java:52)
	at org.junit.vintage.engine.discovery.RunnerTestDescriptorPostProcessor.applyFiltersAndCreateDescendants(RunnerTestDescriptorPostProcessor.java:45)
	at java.base/java.util.stream.ForEachOps$ForEachOp$OfRef.accept(ForEachOps.java:183)
	at java.base/java.util.stream.ReferencePipeline$3$1.accept(ReferencePipeline.java:195)
	at java.base/java.util.stream.ReferencePipeline$2$1.accept(ReferencePipeline.java:177)
	at java.base/java.util.Iterator.forEachRemaining(Iterator.java:133)
	at java.base/java.util.Spliterators$IteratorSpliterator.forEachRemaining(Spliterators.java:1801)
	at java.base/java.util.stream.AbstractPipeline.copyInto(AbstractPipeline.java:484)
	at java.base/java.util.stream.AbstractPipeline.wrapAndCopyInto(AbstractPipeline.java:474)
	at java.base/java.util.stream.ForEachOps$ForEachOp.evaluateSequential(ForEachOps.java:150)
	at java.base/java.util.stream.ForEachOps$ForEachOp$OfRef.evaluateSequential(ForEachOps.java:173)
	at java.base/java.util.stream.AbstractPipeline.evaluate(AbstractPipeline.java:234)
	at java.base/java.util.stream.ReferencePipeline.forEach(ReferencePipeline.java:497)
	at org.junit.vintage.engine.discovery.VintageDiscoverer.discover(VintageDiscoverer.java:50)
	at org.junit.vintage.engine.VintageTestEngine.discover(VintageTestEngine.java:63)
	at org.junit.platform.launcher.core.EngineDiscoveryOrchestrator.discoverEngineRoot(EngineDiscoveryOrchestrator.java:103)
	at org.junit.platform.launcher.core.EngineDiscoveryOrchestrator.discover(EngineDiscoveryOrchestrator.java:85)
	at org.junit.platform.launcher.core.DefaultLauncher.discover(DefaultLauncher.java:92)
	at org.junit.platform.launcher.core.DefaultLauncher.discover(DefaultLauncher.java:67)
	at org.apache.maven.surefire.junitplatform.TestPlanScannerFilter.accept(TestPlanScannerFilter.java:56)
	at org.apache.maven.surefire.api.util.DefaultScanResult.applyFilter(DefaultScanResult.java:102)
	at org.apache.maven.surefire.junitplatform.JUnitPlatformProvider.scanClasspath(JUnitPlatformProvider.java:147)
	at org.apache.maven.surefire.junitplatform.JUnitPlatformProvider.invoke(JUnitPlatformProvider.java:128)
	at org.apache.maven.surefire.booter.ForkedBooter.runSuitesInProcess(ForkedBooter.java:428)
	at org.apache.maven.surefire.booter.ForkedBooter.execute(ForkedBooter.java:162)
	at org.apache.maven.surefire.booter.ForkedBooter.run(ForkedBooter.java:562)
	at org.apache.maven.surefire.booter.ForkedBooter.main(ForkedBooter.java:548)

Mar 17, 2022 2:33:37 PM org.junit.vintage.engine.support.UniqueIdReader lambda$apply$1
WARNING: Could not read unique ID for Description; using display name instead: AutofillTest(explicitwait.AutoCompleteExplicitWaitTest)
java.lang.NoSuchFieldException: fUniqueId
	at java.base/java.lang.Class.getDeclaredField(Class.java:2411)
	at org.junit.platform.commons.util.ReflectionUtils.lambda$tryToReadFieldValue$2(ReflectionUtils.java:561)
	at org.junit.platform.commons.function.Try.lambda$call$0(Try.java:57)
	at org.junit.platform.commons.function.Try.of(Try.java:93)
	at org.junit.platform.commons.function.Try.call(Try.java:57)
	at org.junit.platform.commons.util.ReflectionUtils.tryToReadFieldValue(ReflectionUtils.java:561)
	at org.junit.vintage.engine.support.UniqueIdReader.apply(UniqueIdReader.java:47)
	at org.junit.vintage.engine.support.UniqueIdReader.apply(UniqueIdReader.java:28)
	at java.base/java.util.function.Function.lambda$andThen$1(Function.java:88)
	at java.base/java.util.stream.Collectors.lambda$groupingBy$53(Collectors.java:1127)
	at java.base/java.util.stream.ReduceOps$3ReducingSink.accept(ReduceOps.java:169)
	at java.base/java.util.ArrayList$ArrayListSpliterator.forEachRemaining(ArrayList.java:1655)
	at java.base/java.util.stream.AbstractPipeline.copyInto(AbstractPipeline.java:484)
	at java.base/java.util.stream.AbstractPipeline.wrapAndCopyInto(AbstractPipeline.java:474)
	at java.base/java.util.stream.ReduceOps$ReduceOp.evaluateSequential(ReduceOps.java:913)
	at java.base/java.util.stream.AbstractPipeline.evaluate(AbstractPipeline.java:234)
	at java.base/java.util.stream.ReferencePipeline.collect(ReferencePipeline.java:578)
	at org.junit.vintage.engine.discovery.RunnerTestDescriptorPostProcessor.addChildrenRecursively(RunnerTestDescriptorPostProcessor.java:52)
	at org.junit.vintage.engine.discovery.RunnerTestDescriptorPostProcessor.applyFiltersAndCreateDescendants(RunnerTestDescriptorPostProcessor.java:45)
	at java.base/java.util.stream.ForEachOps$ForEachOp$OfRef.accept(ForEachOps.java:183)
	at java.base/java.util.stream.ReferencePipeline$3$1.accept(ReferencePipeline.java:195)
	at java.base/java.util.stream.ReferencePipeline$2$1.accept(ReferencePipeline.java:177)
	at java.base/java.util.Iterator.forEachRemaining(Iterator.java:133)
	at java.base/java.util.Spliterators$IteratorSpliterator.forEachRemaining(Spliterators.java:1801)
	at java.base/java.util.stream.AbstractPipeline.copyInto(AbstractPipeline.java:484)
	at java.base/java.util.stream.AbstractPipeline.wrapAndCopyInto(AbstractPipeline.java:474)
	at java.base/java.util.stream.ForEachOps$ForEachOp.evaluateSequential(ForEachOps.java:150)
	at java.base/java.util.stream.ForEachOps$ForEachOp$OfRef.evaluateSequential(ForEachOps.java:173)
	at java.base/java.util.stream.AbstractPipeline.evaluate(AbstractPipeline.java:234)
	at java.base/java.util.stream.ReferencePipeline.forEach(ReferencePipeline.java:497)
	at org.junit.vintage.engine.discovery.VintageDiscoverer.discover(VintageDiscoverer.java:50)
	at org.junit.vintage.engine.VintageTestEngine.discover(VintageTestEngine.java:63)
	at org.junit.platform.launcher.core.EngineDiscoveryOrchestrator.discoverEngineRoot(EngineDiscoveryOrchestrator.java:103)
	at org.junit.platform.launcher.core.EngineDiscoveryOrchestrator.discover(EngineDiscoveryOrchestrator.java:85)
	at org.junit.platform.launcher.core.DefaultLauncher.discover(DefaultLauncher.java:92)
	at org.junit.platform.launcher.core.DefaultLauncher.discover(DefaultLauncher.java:67)
	at org.apache.maven.surefire.junitplatform.TestPlanScannerFilter.accept(TestPlanScannerFilter.java:56)
	at org.apache.maven.surefire.api.util.DefaultScanResult.applyFilter(DefaultScanResult.java:102)
	at org.apache.maven.surefire.junitplatform.JUnitPlatformProvider.scanClasspath(JUnitPlatformProvider.java:147)
	at org.apache.maven.surefire.junitplatform.JUnitPlatformProvider.invoke(JUnitPlatformProvider.java:128)
	at org.apache.maven.surefire.booter.ForkedBooter.runSuitesInProcess(ForkedBooter.java:428)
	at org.apache.maven.surefire.booter.ForkedBooter.execute(ForkedBooter.java:162)
	at org.apache.maven.surefire.booter.ForkedBooter.run(ForkedBooter.java:562)
	at org.apache.maven.surefire.booter.ForkedBooter.main(ForkedBooter.java:548)

Mar 17, 2022 2:33:37 PM org.junit.vintage.engine.support.UniqueIdReader lambda$apply$1
WARNING: Could not read unique ID for Description; using display name instead: checkBoxesTest(formycheckboxes.CheckBoxesTest)
java.lang.NoSuchFieldException: fUniqueId
	at java.base/java.lang.Class.getDeclaredField(Class.java:2411)
	at org.junit.platform.commons.util.ReflectionUtils.lambda$tryToReadFieldValue$2(ReflectionUtils.java:561)
	at org.junit.platform.commons.function.Try.lambda$call$0(Try.java:57)
	at org.junit.platform.commons.function.Try.of(Try.java:93)
	at org.junit.platform.commons.function.Try.call(Try.java:57)
	at org.junit.platform.commons.util.ReflectionUtils.tryToReadFieldValue(ReflectionUtils.java:561)
	at org.junit.vintage.engine.support.UniqueIdReader.apply(UniqueIdReader.java:47)
	at org.junit.vintage.engine.support.UniqueIdReader.apply(UniqueIdReader.java:28)
	at java.base/java.util.function.Function.lambda$andThen$1(Function.java:88)
	at java.base/java.util.stream.Collectors.lambda$groupingBy$53(Collectors.java:1127)
	at java.base/java.util.stream.ReduceOps$3ReducingSink.accept(ReduceOps.java:169)
	at java.base/java.util.ArrayList$ArrayListSpliterator.forEachRemaining(ArrayList.java:1655)
	at java.base/java.util.stream.AbstractPipeline.copyInto(AbstractPipeline.java:484)
	at java.base/java.util.stream.AbstractPipeline.wrapAndCopyInto(AbstractPipeline.java:474)
	at java.base/java.util.stream.ReduceOps$ReduceOp.evaluateSequential(ReduceOps.java:913)
	at java.base/java.util.stream.AbstractPipeline.evaluate(AbstractPipeline.java:234)
	at java.base/java.util.stream.ReferencePipeline.collect(ReferencePipeline.java:578)
	at org.junit.vintage.engine.discovery.RunnerTestDescriptorPostProcessor.addChildrenRecursively(RunnerTestDescriptorPostProcessor.java:52)
	at org.junit.vintage.engine.discovery.RunnerTestDescriptorPostProcessor.applyFiltersAndCreateDescendants(RunnerTestDescriptorPostProcessor.java:45)
	at java.base/java.util.stream.ForEachOps$ForEachOp$OfRef.accept(ForEachOps.java:183)
	at java.base/java.util.stream.ReferencePipeline$3$1.accept(ReferencePipeline.java:195)
	at java.base/java.util.stream.ReferencePipeline$2$1.accept(ReferencePipeline.java:177)
	at java.base/java.util.Iterator.forEachRemaining(Iterator.java:133)
	at java.base/java.util.Spliterators$IteratorSpliterator.forEachRemaining(Spliterators.java:1801)
	at java.base/java.util.stream.AbstractPipeline.copyInto(AbstractPipeline.java:484)
	at java.base/java.util.stream.AbstractPipeline.wrapAndCopyInto(AbstractPipeline.java:474)
	at java.base/java.util.stream.ForEachOps$ForEachOp.evaluateSequential(ForEachOps.java:150)
	at java.base/java.util.stream.ForEachOps$ForEachOp$OfRef.evaluateSequential(ForEachOps.java:173)
	at java.base/java.util.stream.AbstractPipeline.evaluate(AbstractPipeline.java:234)
	at java.base/java.util.stream.ReferencePipeline.forEach(ReferencePipeline.java:497)
	at org.junit.vintage.engine.discovery.VintageDiscoverer.discover(VintageDiscoverer.java:50)
	at org.junit.vintage.engine.VintageTestEngine.discover(VintageTestEngine.java:63)
	at org.junit.platform.launcher.core.EngineDiscoveryOrchestrator.discoverEngineRoot(EngineDiscoveryOrchestrator.java:103)
	at org.junit.platform.launcher.core.EngineDiscoveryOrchestrator.discover(EngineDiscoveryOrchestrator.java:85)
	at org.junit.platform.launcher.core.DefaultLauncher.discover(DefaultLauncher.java:92)
	at org.junit.platform.launcher.core.DefaultLauncher.discover(DefaultLauncher.java:67)
	at org.apache.maven.surefire.junitplatform.TestPlanScannerFilter.accept(TestPlanScannerFilter.java:56)
	at org.apache.maven.surefire.api.util.DefaultScanResult.applyFilter(DefaultScanResult.java:102)
	at org.apache.maven.surefire.junitplatform.JUnitPlatformProvider.scanClasspath(JUnitPlatformProvider.java:147)
	at org.apache.maven.surefire.junitplatform.JUnitPlatformProvider.invoke(JUnitPlatformProvider.java:128)
	at org.apache.maven.surefire.booter.ForkedBooter.runSuitesInProcess(ForkedBooter.java:428)
	at org.apache.maven.surefire.booter.ForkedBooter.execute(ForkedBooter.java:162)
	at org.apache.maven.surefire.booter.ForkedBooter.run(ForkedBooter.java:562)
	at org.apache.maven.surefire.booter.ForkedBooter.main(ForkedBooter.java:548)

Mar 17, 2022 2:33:37 PM org.junit.vintage.engine.support.UniqueIdReader lambda$apply$1
WARNING: Could not read unique ID for Description; using display name instead: datePickerTest(formydatepicker.DatePickerTest)
java.lang.NoSuchFieldException: fUniqueId
	at java.base/java.lang.Class.getDeclaredField(Class.java:2411)
	at org.junit.platform.commons.util.ReflectionUtils.lambda$tryToReadFieldValue$2(ReflectionUtils.java:561)
	at org.junit.platform.commons.function.Try.lambda$call$0(Try.java:57)
	at org.junit.platform.commons.function.Try.of(Try.java:93)
	at org.junit.platform.commons.function.Try.call(Try.java:57)
	at org.junit.platform.commons.util.ReflectionUtils.tryToReadFieldValue(ReflectionUtils.java:561)
	at org.junit.vintage.engine.support.UniqueIdReader.apply(UniqueIdReader.java:47)
	at org.junit.vintage.engine.support.UniqueIdReader.apply(UniqueIdReader.java:28)
	at java.base/java.util.function.Function.lambda$andThen$1(Function.java:88)
	at java.base/java.util.stream.Collectors.lambda$groupingBy$53(Collectors.java:1127)
	at java.base/java.util.stream.ReduceOps$3ReducingSink.accept(ReduceOps.java:169)
	at java.base/java.util.ArrayList$ArrayListSpliterator.forEachRemaining(ArrayList.java:1655)
	at java.base/java.util.stream.AbstractPipeline.copyInto(AbstractPipeline.java:484)
	at java.base/java.util.stream.AbstractPipeline.wrapAndCopyInto(AbstractPipeline.java:474)
	at java.base/java.util.stream.ReduceOps$ReduceOp.evaluateSequential(ReduceOps.java:913)
	at java.base/java.util.stream.AbstractPipeline.evaluate(AbstractPipeline.java:234)
	at java.base/java.util.stream.ReferencePipeline.collect(ReferencePipeline.java:578)
	at org.junit.vintage.engine.discovery.RunnerTestDescriptorPostProcessor.addChildrenRecursively(RunnerTestDescriptorPostProcessor.java:52)
	at org.junit.vintage.engine.discovery.RunnerTestDescriptorPostProcessor.applyFiltersAndCreateDescendants(RunnerTestDescriptorPostProcessor.java:45)
	at java.base/java.util.stream.ForEachOps$ForEachOp$OfRef.accept(ForEachOps.java:183)
	at java.base/java.util.stream.ReferencePipeline$3$1.accept(ReferencePipeline.java:195)
	at java.base/java.util.stream.ReferencePipeline$2$1.accept(ReferencePipeline.java:177)
	at java.base/java.util.Iterator.forEachRemaining(Iterator.java:133)
	at java.base/java.util.Spliterators$IteratorSpliterator.forEachRemaining(Spliterators.java:1801)
	at java.base/java.util.stream.AbstractPipeline.copyInto(AbstractPipeline.java:484)
	at java.base/java.util.stream.AbstractPipeline.wrapAndCopyInto(AbstractPipeline.java:474)
	at java.base/java.util.stream.ForEachOps$ForEachOp.evaluateSequential(ForEachOps.java:150)
	at java.base/java.util.stream.ForEachOps$ForEachOp$OfRef.evaluateSequential(ForEachOps.java:173)
	at java.base/java.util.stream.AbstractPipeline.evaluate(AbstractPipeline.java:234)
	at java.base/java.util.stream.ReferencePipeline.forEach(ReferencePipeline.java:497)
	at org.junit.vintage.engine.discovery.VintageDiscoverer.discover(VintageDiscoverer.java:50)
	at org.junit.vintage.engine.VintageTestEngine.discover(VintageTestEngine.java:63)
	at org.junit.platform.launcher.core.EngineDiscoveryOrchestrator.discoverEngineRoot(EngineDiscoveryOrchestrator.java:103)
	at org.junit.platform.launcher.core.EngineDiscoveryOrchestrator.discover(EngineDiscoveryOrchestrator.java:85)
	at org.junit.platform.launcher.core.DefaultLauncher.discover(DefaultLauncher.java:92)
	at org.junit.platform.launcher.core.DefaultLauncher.discover(DefaultLauncher.java:67)
	at org.apache.maven.surefire.junitplatform.TestPlanScannerFilter.accept(TestPlanScannerFilter.java:56)
	at org.apache.maven.surefire.api.util.DefaultScanResult.applyFilter(DefaultScanResult.java:102)
	at org.apache.maven.surefire.junitplatform.JUnitPlatformProvider.scanClasspath(JUnitPlatformProvider.java:147)
	at org.apache.maven.surefire.junitplatform.JUnitPlatformProvider.invoke(JUnitPlatformProvider.java:128)
	at org.apache.maven.surefire.booter.ForkedBooter.runSuitesInProcess(ForkedBooter.java:428)
	at org.apache.maven.surefire.booter.ForkedBooter.execute(ForkedBooter.java:162)
	at org.apache.maven.surefire.booter.ForkedBooter.run(ForkedBooter.java:562)
	at org.apache.maven.surefire.booter.ForkedBooter.main(ForkedBooter.java:548)

Mar 17, 2022 2:33:37 PM org.junit.vintage.engine.support.UniqueIdReader lambda$apply$1
WARNING: Could not read unique ID for Description; using display name instead: dragAndDropTest(formydraganddroptest.DragAndDropTest)
java.lang.NoSuchFieldException: fUniqueId
	at java.base/java.lang.Class.getDeclaredField(Class.java:2411)
	at org.junit.platform.commons.util.ReflectionUtils.lambda$tryToReadFieldValue$2(ReflectionUtils.java:561)
	at org.junit.platform.commons.function.Try.lambda$call$0(Try.java:57)
	at org.junit.platform.commons.function.Try.of(Try.java:93)
	at org.junit.platform.commons.function.Try.call(Try.java:57)
	at org.junit.platform.commons.util.ReflectionUtils.tryToReadFieldValue(ReflectionUtils.java:561)
	at org.junit.vintage.engine.support.UniqueIdReader.apply(UniqueIdReader.java:47)
	at org.junit.vintage.engine.support.UniqueIdReader.apply(UniqueIdReader.java:28)
	at java.base/java.util.function.Function.lambda$andThen$1(Function.java:88)
	at java.base/java.util.stream.Collectors.lambda$groupingBy$53(Collectors.java:1127)
	at java.base/java.util.stream.ReduceOps$3ReducingSink.accept(ReduceOps.java:169)
	at java.base/java.util.ArrayList$ArrayListSpliterator.forEachRemaining(ArrayList.java:1655)
	at java.base/java.util.stream.AbstractPipeline.copyInto(AbstractPipeline.java:484)
	at java.base/java.util.stream.AbstractPipeline.wrapAndCopyInto(AbstractPipeline.java:474)
	at java.base/java.util.stream.ReduceOps$ReduceOp.evaluateSequential(ReduceOps.java:913)
	at java.base/java.util.stream.AbstractPipeline.evaluate(AbstractPipeline.java:234)
	at java.base/java.util.stream.ReferencePipeline.collect(ReferencePipeline.java:578)
	at org.junit.vintage.engine.discovery.RunnerTestDescriptorPostProcessor.addChildrenRecursively(RunnerTestDescriptorPostProcessor.java:52)
	at org.junit.vintage.engine.discovery.RunnerTestDescriptorPostProcessor.applyFiltersAndCreateDescendants(RunnerTestDescriptorPostProcessor.java:45)
	at java.base/java.util.stream.ForEachOps$ForEachOp$OfRef.accept(ForEachOps.java:183)
	at java.base/java.util.stream.ReferencePipeline$3$1.accept(ReferencePipeline.java:195)
	at java.base/java.util.stream.ReferencePipeline$2$1.accept(ReferencePipeline.java:177)
	at java.base/java.util.Iterator.forEachRemaining(Iterator.java:133)
	at java.base/java.util.Spliterators$IteratorSpliterator.forEachRemaining(Spliterators.java:1801)
	at java.base/java.util.stream.AbstractPipeline.copyInto(AbstractPipeline.java:484)
	at java.base/java.util.stream.AbstractPipeline.wrapAndCopyInto(AbstractPipeline.java:474)
	at java.base/java.util.stream.ForEachOps$ForEachOp.evaluateSequential(ForEachOps.java:150)
	at java.base/java.util.stream.ForEachOps$ForEachOp$OfRef.evaluateSequential(ForEachOps.java:173)
	at java.base/java.util.stream.AbstractPipeline.evaluate(AbstractPipeline.java:234)
	at java.base/java.util.stream.ReferencePipeline.forEach(ReferencePipeline.java:497)
	at org.junit.vintage.engine.discovery.VintageDiscoverer.discover(VintageDiscoverer.java:50)
	at org.junit.vintage.engine.VintageTestEngine.discover(VintageTestEngine.java:63)
	at org.junit.platform.launcher.core.EngineDiscoveryOrchestrator.discoverEngineRoot(EngineDiscoveryOrchestrator.java:103)
	at org.junit.platform.launcher.core.EngineDiscoveryOrchestrator.discover(EngineDiscoveryOrchestrator.java:85)
	at org.junit.platform.launcher.core.DefaultLauncher.discover(DefaultLauncher.java:92)
	at org.junit.platform.launcher.core.DefaultLauncher.discover(DefaultLauncher.java:67)
	at org.apache.maven.surefire.junitplatform.TestPlanScannerFilter.accept(TestPlanScannerFilter.java:56)
	at org.apache.maven.surefire.api.util.DefaultScanResult.applyFilter(DefaultScanResult.java:102)
	at org.apache.maven.surefire.junitplatform.JUnitPlatformProvider.scanClasspath(JUnitPlatformProvider.java:147)
	at org.apache.maven.surefire.junitplatform.JUnitPlatformProvider.invoke(JUnitPlatformProvider.java:128)
	at org.apache.maven.surefire.booter.ForkedBooter.runSuitesInProcess(ForkedBooter.java:428)
	at org.apache.maven.surefire.booter.ForkedBooter.execute(ForkedBooter.java:162)
	at org.apache.maven.surefire.booter.ForkedBooter.run(ForkedBooter.java:562)
	at org.apache.maven.surefire.booter.ForkedBooter.main(ForkedBooter.java:548)

Mar 17, 2022 2:33:37 PM org.junit.vintage.engine.support.UniqueIdReader lambda$apply$1
WARNING: Could not read unique ID for Description; using display name instead: dropDownTest(formydropdownmenu.DropDownMenuTest)
java.lang.NoSuchFieldException: fUniqueId
	at java.base/java.lang.Class.getDeclaredField(Class.java:2411)
	at org.junit.platform.commons.util.ReflectionUtils.lambda$tryToReadFieldValue$2(ReflectionUtils.java:561)
	at org.junit.platform.commons.function.Try.lambda$call$0(Try.java:57)
	at org.junit.platform.commons.function.Try.of(Try.java:93)
	at org.junit.platform.commons.function.Try.call(Try.java:57)
	at org.junit.platform.commons.util.ReflectionUtils.tryToReadFieldValue(ReflectionUtils.java:561)
	at org.junit.vintage.engine.support.UniqueIdReader.apply(UniqueIdReader.java:47)
	at org.junit.vintage.engine.support.UniqueIdReader.apply(UniqueIdReader.java:28)
	at java.base/java.util.function.Function.lambda$andThen$1(Function.java:88)
	at java.base/java.util.stream.Collectors.lambda$groupingBy$53(Collectors.java:1127)
	at java.base/java.util.stream.ReduceOps$3ReducingSink.accept(ReduceOps.java:169)
	at java.base/java.util.ArrayList$ArrayListSpliterator.forEachRemaining(ArrayList.java:1655)
	at java.base/java.util.stream.AbstractPipeline.copyInto(AbstractPipeline.java:484)
	at java.base/java.util.stream.AbstractPipeline.wrapAndCopyInto(AbstractPipeline.java:474)
	at java.base/java.util.stream.ReduceOps$ReduceOp.evaluateSequential(ReduceOps.java:913)
	at java.base/java.util.stream.AbstractPipeline.evaluate(AbstractPipeline.java:234)
	at java.base/java.util.stream.ReferencePipeline.collect(ReferencePipeline.java:578)
	at org.junit.vintage.engine.discovery.RunnerTestDescriptorPostProcessor.addChildrenRecursively(RunnerTestDescriptorPostProcessor.java:52)
	at org.junit.vintage.engine.discovery.RunnerTestDescriptorPostProcessor.applyFiltersAndCreateDescendants(RunnerTestDescriptorPostProcessor.java:45)
	at java.base/java.util.stream.ForEachOps$ForEachOp$OfRef.accept(ForEachOps.java:183)
	at java.base/java.util.stream.ReferencePipeline$3$1.accept(ReferencePipeline.java:195)
	at java.base/java.util.stream.ReferencePipeline$2$1.accept(ReferencePipeline.java:177)
	at java.base/java.util.Iterator.forEachRemaining(Iterator.java:133)
	at java.base/java.util.Spliterators$IteratorSpliterator.forEachRemaining(Spliterators.java:1801)
	at java.base/java.util.stream.AbstractPipeline.copyInto(AbstractPipeline.java:484)
	at java.base/java.util.stream.AbstractPipeline.wrapAndCopyInto(AbstractPipeline.java:474)
	at java.base/java.util.stream.ForEachOps$ForEachOp.evaluateSequential(ForEachOps.java:150)
	at java.base/java.util.stream.ForEachOps$ForEachOp$OfRef.evaluateSequential(ForEachOps.java:173)
	at java.base/java.util.stream.AbstractPipeline.evaluate(AbstractPipeline.java:234)
	at java.base/java.util.stream.ReferencePipeline.forEach(ReferencePipeline.java:497)
	at org.junit.vintage.engine.discovery.VintageDiscoverer.discover(VintageDiscoverer.java:50)
	at org.junit.vintage.engine.VintageTestEngine.discover(VintageTestEngine.java:63)
	at org.junit.platform.launcher.core.EngineDiscoveryOrchestrator.discoverEngineRoot(EngineDiscoveryOrchestrator.java:103)
	at org.junit.platform.launcher.core.EngineDiscoveryOrchestrator.discover(EngineDiscoveryOrchestrator.java:85)
	at org.junit.platform.launcher.core.DefaultLauncher.discover(DefaultLauncher.java:92)
	at org.junit.platform.launcher.core.DefaultLauncher.discover(DefaultLauncher.java:67)
	at org.apache.maven.surefire.junitplatform.TestPlanScannerFilter.accept(TestPlanScannerFilter.java:56)
	at org.apache.maven.surefire.api.util.DefaultScanResult.applyFilter(DefaultScanResult.java:102)
	at org.apache.maven.surefire.junitplatform.JUnitPlatformProvider.scanClasspath(JUnitPlatformProvider.java:147)
	at org.apache.maven.surefire.junitplatform.JUnitPlatformProvider.invoke(JUnitPlatformProvider.java:128)
	at org.apache.maven.surefire.booter.ForkedBooter.runSuitesInProcess(ForkedBooter.java:428)
	at org.apache.maven.surefire.booter.ForkedBooter.execute(ForkedBooter.java:162)
	at org.apache.maven.surefire.booter.ForkedBooter.run(ForkedBooter.java:562)
	at org.apache.maven.surefire.booter.ForkedBooter.main(ForkedBooter.java:548)

Mar 17, 2022 2:33:37 PM org.junit.vintage.engine.support.UniqueIdReader lambda$apply$1
WARNING: Could not read unique ID for Description; using display name instead: javascriptTest(formyexecutejavascript.ExecuteJavascriptTest)
java.lang.NoSuchFieldException: fUniqueId
	at java.base/java.lang.Class.getDeclaredField(Class.java:2411)
	at org.junit.platform.commons.util.ReflectionUtils.lambda$tryToReadFieldValue$2(ReflectionUtils.java:561)
	at org.junit.platform.commons.function.Try.lambda$call$0(Try.java:57)
	at org.junit.platform.commons.function.Try.of(Try.java:93)
	at org.junit.platform.commons.function.Try.call(Try.java:57)
	at org.junit.platform.commons.util.ReflectionUtils.tryToReadFieldValue(ReflectionUtils.java:561)
	at org.junit.vintage.engine.support.UniqueIdReader.apply(UniqueIdReader.java:47)
	at org.junit.vintage.engine.support.UniqueIdReader.apply(UniqueIdReader.java:28)
	at java.base/java.util.function.Function.lambda$andThen$1(Function.java:88)
	at java.base/java.util.stream.Collectors.lambda$groupingBy$53(Collectors.java:1127)
	at java.base/java.util.stream.ReduceOps$3ReducingSink.accept(ReduceOps.java:169)
	at java.base/java.util.ArrayList$ArrayListSpliterator.forEachRemaining(ArrayList.java:1655)
	at java.base/java.util.stream.AbstractPipeline.copyInto(AbstractPipeline.java:484)
	at java.base/java.util.stream.AbstractPipeline.wrapAndCopyInto(AbstractPipeline.java:474)
	at java.base/java.util.stream.ReduceOps$ReduceOp.evaluateSequential(ReduceOps.java:913)
	at java.base/java.util.stream.AbstractPipeline.evaluate(AbstractPipeline.java:234)
	at java.base/java.util.stream.ReferencePipeline.collect(ReferencePipeline.java:578)
	at org.junit.vintage.engine.discovery.RunnerTestDescriptorPostProcessor.addChildrenRecursively(RunnerTestDescriptorPostProcessor.java:52)
	at org.junit.vintage.engine.discovery.RunnerTestDescriptorPostProcessor.applyFiltersAndCreateDescendants(RunnerTestDescriptorPostProcessor.java:45)
	at java.base/java.util.stream.ForEachOps$ForEachOp$OfRef.accept(ForEachOps.java:183)
	at java.base/java.util.stream.ReferencePipeline$3$1.accept(ReferencePipeline.java:195)
	at java.base/java.util.stream.ReferencePipeline$2$1.accept(ReferencePipeline.java:177)
	at java.base/java.util.Iterator.forEachRemaining(Iterator.java:133)
	at java.base/java.util.Spliterators$IteratorSpliterator.forEachRemaining(Spliterators.java:1801)
	at java.base/java.util.stream.AbstractPipeline.copyInto(AbstractPipeline.java:484)
	at java.base/java.util.stream.AbstractPipeline.wrapAndCopyInto(AbstractPipeline.java:474)
	at java.base/java.util.stream.ForEachOps$ForEachOp.evaluateSequential(ForEachOps.java:150)
	at java.base/java.util.stream.ForEachOps$ForEachOp$OfRef.evaluateSequential(ForEachOps.java:173)
	at java.base/java.util.stream.AbstractPipeline.evaluate(AbstractPipeline.java:234)
	at java.base/java.util.stream.ReferencePipeline.forEach(ReferencePipeline.java:497)
	at org.junit.vintage.engine.discovery.VintageDiscoverer.discover(VintageDiscoverer.java:50)
	at org.junit.vintage.engine.VintageTestEngine.discover(VintageTestEngine.java:63)
	at org.junit.platform.launcher.core.EngineDiscoveryOrchestrator.discoverEngineRoot(EngineDiscoveryOrchestrator.java:103)
	at org.junit.platform.launcher.core.EngineDiscoveryOrchestrator.discover(EngineDiscoveryOrchestrator.java:85)
	at org.junit.platform.launcher.core.DefaultLauncher.discover(DefaultLauncher.java:92)
	at org.junit.platform.launcher.core.DefaultLauncher.discover(DefaultLauncher.java:67)
	at org.apache.maven.surefire.junitplatform.TestPlanScannerFilter.accept(TestPlanScannerFilter.java:56)
	at org.apache.maven.surefire.api.util.DefaultScanResult.applyFilter(DefaultScanResult.java:102)
	at org.apache.maven.surefire.junitplatform.JUnitPlatformProvider.scanClasspath(JUnitPlatformProvider.java:147)
	at org.apache.maven.surefire.junitplatform.JUnitPlatformProvider.invoke(JUnitPlatformProvider.java:128)
	at org.apache.maven.surefire.booter.ForkedBooter.runSuitesInProcess(ForkedBooter.java:428)
	at org.apache.maven.surefire.booter.ForkedBooter.execute(ForkedBooter.java:162)
	at org.apache.maven.surefire.booter.ForkedBooter.run(ForkedBooter.java:562)
	at org.apache.maven.surefire.booter.ForkedBooter.main(ForkedBooter.java:548)

Mar 17, 2022 2:33:37 PM org.junit.vintage.engine.support.UniqueIdReader lambda$apply$1
WARNING: Could not read unique ID for Description; using display name instead: fileUploadTest(formyfileupload.FileUploadTest)
java.lang.NoSuchFieldException: fUniqueId
	at java.base/java.lang.Class.getDeclaredField(Class.java:2411)
	at org.junit.platform.commons.util.ReflectionUtils.lambda$tryToReadFieldValue$2(ReflectionUtils.java:561)
	at org.junit.platform.commons.function.Try.lambda$call$0(Try.java:57)
	at org.junit.platform.commons.function.Try.of(Try.java:93)
	at org.junit.platform.commons.function.Try.call(Try.java:57)
	at org.junit.platform.commons.util.ReflectionUtils.tryToReadFieldValue(ReflectionUtils.java:561)
	at org.junit.vintage.engine.support.UniqueIdReader.apply(UniqueIdReader.java:47)
	at org.junit.vintage.engine.support.UniqueIdReader.apply(UniqueIdReader.java:28)
	at java.base/java.util.function.Function.lambda$andThen$1(Function.java:88)
	at java.base/java.util.stream.Collectors.lambda$groupingBy$53(Collectors.java:1127)
	at java.base/java.util.stream.ReduceOps$3ReducingSink.accept(ReduceOps.java:169)
	at java.base/java.util.ArrayList$ArrayListSpliterator.forEachRemaining(ArrayList.java:1655)
	at java.base/java.util.stream.AbstractPipeline.copyInto(AbstractPipeline.java:484)
	at java.base/java.util.stream.AbstractPipeline.wrapAndCopyInto(AbstractPipeline.java:474)
	at java.base/java.util.stream.ReduceOps$ReduceOp.evaluateSequential(ReduceOps.java:913)
	at java.base/java.util.stream.AbstractPipeline.evaluate(AbstractPipeline.java:234)
	at java.base/java.util.stream.ReferencePipeline.collect(ReferencePipeline.java:578)
	at org.junit.vintage.engine.discovery.RunnerTestDescriptorPostProcessor.addChildrenRecursively(RunnerTestDescriptorPostProcessor.java:52)
	at org.junit.vintage.engine.discovery.RunnerTestDescriptorPostProcessor.applyFiltersAndCreateDescendants(RunnerTestDescriptorPostProcessor.java:45)
	at java.base/java.util.stream.ForEachOps$ForEachOp$OfRef.accept(ForEachOps.java:183)
	at java.base/java.util.stream.ReferencePipeline$3$1.accept(ReferencePipeline.java:195)
	at java.base/java.util.stream.ReferencePipeline$2$1.accept(ReferencePipeline.java:177)
	at java.base/java.util.Iterator.forEachRemaining(Iterator.java:133)
	at java.base/java.util.Spliterators$IteratorSpliterator.forEachRemaining(Spliterators.java:1801)
	at java.base/java.util.stream.AbstractPipeline.copyInto(AbstractPipeline.java:484)
	at java.base/java.util.stream.AbstractPipeline.wrapAndCopyInto(AbstractPipeline.java:474)
	at java.base/java.util.stream.ForEachOps$ForEachOp.evaluateSequential(ForEachOps.java:150)
	at java.base/java.util.stream.ForEachOps$ForEachOp$OfRef.evaluateSequential(ForEachOps.java:173)
	at java.base/java.util.stream.AbstractPipeline.evaluate(AbstractPipeline.java:234)
	at java.base/java.util.stream.ReferencePipeline.forEach(ReferencePipeline.java:497)
	at org.junit.vintage.engine.discovery.VintageDiscoverer.discover(VintageDiscoverer.java:50)
	at org.junit.vintage.engine.VintageTestEngine.discover(VintageTestEngine.java:63)
	at org.junit.platform.launcher.core.EngineDiscoveryOrchestrator.discoverEngineRoot(EngineDiscoveryOrchestrator.java:103)
	at org.junit.platform.launcher.core.EngineDiscoveryOrchestrator.discover(EngineDiscoveryOrchestrator.java:85)
	at org.junit.platform.launcher.core.DefaultLauncher.discover(DefaultLauncher.java:92)
	at org.junit.platform.launcher.core.DefaultLauncher.discover(DefaultLauncher.java:67)
	at org.apache.maven.surefire.junitplatform.TestPlanScannerFilter.accept(TestPlanScannerFilter.java:56)
	at org.apache.maven.surefire.api.util.DefaultScanResult.applyFilter(DefaultScanResult.java:102)
	at org.apache.maven.surefire.junitplatform.JUnitPlatformProvider.scanClasspath(JUnitPlatformProvider.java:147)
	at org.apache.maven.surefire.junitplatform.JUnitPlatformProvider.invoke(JUnitPlatformProvider.java:128)
	at org.apache.maven.surefire.booter.ForkedBooter.runSuitesInProcess(ForkedBooter.java:428)
	at org.apache.maven.surefire.booter.ForkedBooter.execute(ForkedBooter.java:162)
	at org.apache.maven.surefire.booter.ForkedBooter.run(ForkedBooter.java:562)
	at org.apache.maven.surefire.booter.ForkedBooter.main(ForkedBooter.java:548)

Mar 17, 2022 2:33:37 PM org.junit.vintage.engine.support.UniqueIdReader lambda$apply$1
WARNING: Could not read unique ID for Description; using display name instead: radioButtonTest(formyradiobuttons.RadioButtonsTest)
java.lang.NoSuchFieldException: fUniqueId
	at java.base/java.lang.Class.getDeclaredField(Class.java:2411)
	at org.junit.platform.commons.util.ReflectionUtils.lambda$tryToReadFieldValue$2(ReflectionUtils.java:561)
	at org.junit.platform.commons.function.Try.lambda$call$0(Try.java:57)
	at org.junit.platform.commons.function.Try.of(Try.java:93)
	at org.junit.platform.commons.function.Try.call(Try.java:57)
	at org.junit.platform.commons.util.ReflectionUtils.tryToReadFieldValue(ReflectionUtils.java:561)
	at org.junit.vintage.engine.support.UniqueIdReader.apply(UniqueIdReader.java:47)
	at org.junit.vintage.engine.support.UniqueIdReader.apply(UniqueIdReader.java:28)
	at java.base/java.util.function.Function.lambda$andThen$1(Function.java:88)
	at java.base/java.util.stream.Collectors.lambda$groupingBy$53(Collectors.java:1127)
	at java.base/java.util.stream.ReduceOps$3ReducingSink.accept(ReduceOps.java:169)
	at java.base/java.util.ArrayList$ArrayListSpliterator.forEachRemaining(ArrayList.java:1655)
	at java.base/java.util.stream.AbstractPipeline.copyInto(AbstractPipeline.java:484)
	at java.base/java.util.stream.AbstractPipeline.wrapAndCopyInto(AbstractPipeline.java:474)
	at java.base/java.util.stream.ReduceOps$ReduceOp.evaluateSequential(ReduceOps.java:913)
	at java.base/java.util.stream.AbstractPipeline.evaluate(AbstractPipeline.java:234)
	at java.base/java.util.stream.ReferencePipeline.collect(ReferencePipeline.java:578)
	at org.junit.vintage.engine.discovery.RunnerTestDescriptorPostProcessor.addChildrenRecursively(RunnerTestDescriptorPostProcessor.java:52)
	at org.junit.vintage.engine.discovery.RunnerTestDescriptorPostProcessor.applyFiltersAndCreateDescendants(RunnerTestDescriptorPostProcessor.java:45)
	at java.base/java.util.stream.ForEachOps$ForEachOp$OfRef.accept(ForEachOps.java:183)
	at java.base/java.util.stream.ReferencePipeline$3$1.accept(ReferencePipeline.java:195)
	at java.base/java.util.stream.ReferencePipeline$2$1.accept(ReferencePipeline.java:177)
	at java.base/java.util.Iterator.forEachRemaining(Iterator.java:133)
	at java.base/java.util.Spliterators$IteratorSpliterator.forEachRemaining(Spliterators.java:1801)
	at java.base/java.util.stream.AbstractPipeline.copyInto(AbstractPipeline.java:484)
	at java.base/java.util.stream.AbstractPipeline.wrapAndCopyInto(AbstractPipeline.java:474)
	at java.base/java.util.stream.ForEachOps$ForEachOp.evaluateSequential(ForEachOps.java:150)
	at java.base/java.util.stream.ForEachOps$ForEachOp$OfRef.evaluateSequential(ForEachOps.java:173)
	at java.base/java.util.stream.AbstractPipeline.evaluate(AbstractPipeline.java:234)
	at java.base/java.util.stream.ReferencePipeline.forEach(ReferencePipeline.java:497)
	at org.junit.vintage.engine.discovery.VintageDiscoverer.discover(VintageDiscoverer.java:50)
	at org.junit.vintage.engine.VintageTestEngine.discover(VintageTestEngine.java:63)
	at org.junit.platform.launcher.core.EngineDiscoveryOrchestrator.discoverEngineRoot(EngineDiscoveryOrchestrator.java:103)
	at org.junit.platform.launcher.core.EngineDiscoveryOrchestrator.discover(EngineDiscoveryOrchestrator.java:85)
	at org.junit.platform.launcher.core.DefaultLauncher.discover(DefaultLauncher.java:92)
	at org.junit.platform.launcher.core.DefaultLauncher.discover(DefaultLauncher.java:67)
	at org.apache.maven.surefire.junitplatform.TestPlanScannerFilter.accept(TestPlanScannerFilter.java:56)
	at org.apache.maven.surefire.api.util.DefaultScanResult.applyFilter(DefaultScanResult.java:102)
	at org.apache.maven.surefire.junitplatform.JUnitPlatformProvider.scanClasspath(JUnitPlatformProvider.java:147)
	at org.apache.maven.surefire.junitplatform.JUnitPlatformProvider.invoke(JUnitPlatformProvider.java:128)
	at org.apache.maven.surefire.booter.ForkedBooter.runSuitesInProcess(ForkedBooter.java:428)
	at org.apache.maven.surefire.booter.ForkedBooter.execute(ForkedBooter.java:162)
	at org.apache.maven.surefire.booter.ForkedBooter.run(ForkedBooter.java:562)
	at org.apache.maven.surefire.booter.ForkedBooter.main(ForkedBooter.java:548)

Mar 17, 2022 2:33:37 PM org.junit.vintage.engine.support.UniqueIdReader lambda$apply$1
WARNING: Could not read unique ID for Description; using display name instead: AutofillTest(formytestautocomplete.AutocompleteTest)
java.lang.NoSuchFieldException: fUniqueId
	at java.base/java.lang.Class.getDeclaredField(Class.java:2411)
	at org.junit.platform.commons.util.ReflectionUtils.lambda$tryToReadFieldValue$2(ReflectionUtils.java:561)
	at org.junit.platform.commons.function.Try.lambda$call$0(Try.java:57)
	at org.junit.platform.commons.function.Try.of(Try.java:93)
	at org.junit.platform.commons.function.Try.call(Try.java:57)
	at org.junit.platform.commons.util.ReflectionUtils.tryToReadFieldValue(ReflectionUtils.java:561)
	at org.junit.vintage.engine.support.UniqueIdReader.apply(UniqueIdReader.java:47)
	at org.junit.vintage.engine.support.UniqueIdReader.apply(UniqueIdReader.java:28)
	at java.base/java.util.function.Function.lambda$andThen$1(Function.java:88)
	at java.base/java.util.stream.Collectors.lambda$groupingBy$53(Collectors.java:1127)
	at java.base/java.util.stream.ReduceOps$3ReducingSink.accept(ReduceOps.java:169)
	at java.base/java.util.ArrayList$ArrayListSpliterator.forEachRemaining(ArrayList.java:1655)
	at java.base/java.util.stream.AbstractPipeline.copyInto(AbstractPipeline.java:484)
	at java.base/java.util.stream.AbstractPipeline.wrapAndCopyInto(AbstractPipeline.java:474)
	at java.base/java.util.stream.ReduceOps$ReduceOp.evaluateSequential(ReduceOps.java:913)
	at java.base/java.util.stream.AbstractPipeline.evaluate(AbstractPipeline.java:234)
	at java.base/java.util.stream.ReferencePipeline.collect(ReferencePipeline.java:578)
	at org.junit.vintage.engine.discovery.RunnerTestDescriptorPostProcessor.addChildrenRecursively(RunnerTestDescriptorPostProcessor.java:52)
	at org.junit.vintage.engine.discovery.RunnerTestDescriptorPostProcessor.applyFiltersAndCreateDescendants(RunnerTestDescriptorPostProcessor.java:45)
	at java.base/java.util.stream.ForEachOps$ForEachOp$OfRef.accept(ForEachOps.java:183)
	at java.base/java.util.stream.ReferencePipeline$3$1.accept(ReferencePipeline.java:195)
	at java.base/java.util.stream.ReferencePipeline$2$1.accept(ReferencePipeline.java:177)
	at java.base/java.util.Iterator.forEachRemaining(Iterator.java:133)
	at java.base/java.util.Spliterators$IteratorSpliterator.forEachRemaining(Spliterators.java:1801)
	at java.base/java.util.stream.AbstractPipeline.copyInto(AbstractPipeline.java:484)
	at java.base/java.util.stream.AbstractPipeline.wrapAndCopyInto(AbstractPipeline.java:474)
	at java.base/java.util.stream.ForEachOps$ForEachOp.evaluateSequential(ForEachOps.java:150)
	at java.base/java.util.stream.ForEachOps$ForEachOp$OfRef.evaluateSequential(ForEachOps.java:173)
	at java.base/java.util.stream.AbstractPipeline.evaluate(AbstractPipeline.java:234)
	at java.base/java.util.stream.ReferencePipeline.forEach(ReferencePipeline.java:497)
	at org.junit.vintage.engine.discovery.VintageDiscoverer.discover(VintageDiscoverer.java:50)
	at org.junit.vintage.engine.VintageTestEngine.discover(VintageTestEngine.java:63)
	at org.junit.platform.launcher.core.EngineDiscoveryOrchestrator.discoverEngineRoot(EngineDiscoveryOrchestrator.java:103)
	at org.junit.platform.launcher.core.EngineDiscoveryOrchestrator.discover(EngineDiscoveryOrchestrator.java:85)
	at org.junit.platform.launcher.core.DefaultLauncher.discover(DefaultLauncher.java:92)
	at org.junit.platform.launcher.core.DefaultLauncher.discover(DefaultLauncher.java:67)
	at org.apache.maven.surefire.junitplatform.TestPlanScannerFilter.accept(TestPlanScannerFilter.java:56)
	at org.apache.maven.surefire.api.util.DefaultScanResult.applyFilter(DefaultScanResult.java:102)
	at org.apache.maven.surefire.junitplatform.JUnitPlatformProvider.scanClasspath(JUnitPlatformProvider.java:147)
	at org.apache.maven.surefire.junitplatform.JUnitPlatformProvider.invoke(JUnitPlatformProvider.java:128)
	at org.apache.maven.surefire.booter.ForkedBooter.runSuitesInProcess(ForkedBooter.java:428)
	at org.apache.maven.surefire.booter.ForkedBooter.execute(ForkedBooter.java:162)
	at org.apache.maven.surefire.booter.ForkedBooter.run(ForkedBooter.java:562)
	at org.apache.maven.surefire.booter.ForkedBooter.main(ForkedBooter.java:548)

Mar 17, 2022 2:33:37 PM org.junit.vintage.engine.support.UniqueIdReader lambda$apply$1
WARNING: Could not read unique ID for Description; using display name instead: alertTest(formytestopenalert.SwitchToAlertTest)
java.lang.NoSuchFieldException: fUniqueId
	at java.base/java.lang.Class.getDeclaredField(Class.java:2411)
	at org.junit.platform.commons.util.ReflectionUtils.lambda$tryToReadFieldValue$2(ReflectionUtils.java:561)
	at org.junit.platform.commons.function.Try.lambda$call$0(Try.java:57)
	at org.junit.platform.commons.function.Try.of(Try.java:93)
	at org.junit.platform.commons.function.Try.call(Try.java:57)
	at org.junit.platform.commons.util.ReflectionUtils.tryToReadFieldValue(ReflectionUtils.java:561)
	at org.junit.vintage.engine.support.UniqueIdReader.apply(UniqueIdReader.java:47)
	at org.junit.vintage.engine.support.UniqueIdReader.apply(UniqueIdReader.java:28)
	at java.base/java.util.function.Function.lambda$andThen$1(Function.java:88)
	at java.base/java.util.stream.Collectors.lambda$groupingBy$53(Collectors.java:1127)
	at java.base/java.util.stream.ReduceOps$3ReducingSink.accept(ReduceOps.java:169)
	at java.base/java.util.ArrayList$ArrayListSpliterator.forEachRemaining(ArrayList.java:1655)
	at java.base/java.util.stream.AbstractPipeline.copyInto(AbstractPipeline.java:484)
	at java.base/java.util.stream.AbstractPipeline.wrapAndCopyInto(AbstractPipeline.java:474)
	at java.base/java.util.stream.ReduceOps$ReduceOp.evaluateSequential(ReduceOps.java:913)
	at java.base/java.util.stream.AbstractPipeline.evaluate(AbstractPipeline.java:234)
	at java.base/java.util.stream.ReferencePipeline.collect(ReferencePipeline.java:578)
	at org.junit.vintage.engine.discovery.RunnerTestDescriptorPostProcessor.addChildrenRecursively(RunnerTestDescriptorPostProcessor.java:52)
	at org.junit.vintage.engine.discovery.RunnerTestDescriptorPostProcessor.applyFiltersAndCreateDescendants(RunnerTestDescriptorPostProcessor.java:45)
	at java.base/java.util.stream.ForEachOps$ForEachOp$OfRef.accept(ForEachOps.java:183)
	at java.base/java.util.stream.ReferencePipeline$3$1.accept(ReferencePipeline.java:195)
	at java.base/java.util.stream.ReferencePipeline$2$1.accept(ReferencePipeline.java:177)
	at java.base/java.util.Iterator.forEachRemaining(Iterator.java:133)
	at java.base/java.util.Spliterators$IteratorSpliterator.forEachRemaining(Spliterators.java:1801)
	at java.base/java.util.stream.AbstractPipeline.copyInto(AbstractPipeline.java:484)
	at java.base/java.util.stream.AbstractPipeline.wrapAndCopyInto(AbstractPipeline.java:474)
	at java.base/java.util.stream.ForEachOps$ForEachOp.evaluateSequential(ForEachOps.java:150)
	at java.base/java.util.stream.ForEachOps$ForEachOp$OfRef.evaluateSequential(ForEachOps.java:173)
	at java.base/java.util.stream.AbstractPipeline.evaluate(AbstractPipeline.java:234)
	at java.base/java.util.stream.ReferencePipeline.forEach(ReferencePipeline.java:497)
	at org.junit.vintage.engine.discovery.VintageDiscoverer.discover(VintageDiscoverer.java:50)
	at org.junit.vintage.engine.VintageTestEngine.discover(VintageTestEngine.java:63)
	at org.junit.platform.launcher.core.EngineDiscoveryOrchestrator.discoverEngineRoot(EngineDiscoveryOrchestrator.java:103)
	at org.junit.platform.launcher.core.EngineDiscoveryOrchestrator.discover(EngineDiscoveryOrchestrator.java:85)
	at org.junit.platform.launcher.core.DefaultLauncher.discover(DefaultLauncher.java:92)
	at org.junit.platform.launcher.core.DefaultLauncher.discover(DefaultLauncher.java:67)
	at org.apache.maven.surefire.junitplatform.TestPlanScannerFilter.accept(TestPlanScannerFilter.java:56)
	at org.apache.maven.surefire.api.util.DefaultScanResult.applyFilter(DefaultScanResult.java:102)
	at org.apache.maven.surefire.junitplatform.JUnitPlatformProvider.scanClasspath(JUnitPlatformProvider.java:147)
	at org.apache.maven.surefire.junitplatform.JUnitPlatformProvider.invoke(JUnitPlatformProvider.java:128)
	at org.apache.maven.surefire.booter.ForkedBooter.runSuitesInProcess(ForkedBooter.java:428)
	at org.apache.maven.surefire.booter.ForkedBooter.execute(ForkedBooter.java:162)
	at org.apache.maven.surefire.booter.ForkedBooter.run(ForkedBooter.java:562)
	at org.apache.maven.surefire.booter.ForkedBooter.main(ForkedBooter.java:548)

Mar 17, 2022 2:33:37 PM org.junit.vintage.engine.support.UniqueIdReader lambda$apply$1
WARNING: Could not read unique ID for Description; using display name instead: scrollTest(formytestscroll.ScrollToElementTest)
java.lang.NoSuchFieldException: fUniqueId
	at java.base/java.lang.Class.getDeclaredField(Class.java:2411)
	at org.junit.platform.commons.util.ReflectionUtils.lambda$tryToReadFieldValue$2(ReflectionUtils.java:561)
	at org.junit.platform.commons.function.Try.lambda$call$0(Try.java:57)
	at org.junit.platform.commons.function.Try.of(Try.java:93)
	at org.junit.platform.commons.function.Try.call(Try.java:57)
	at org.junit.platform.commons.util.ReflectionUtils.tryToReadFieldValue(ReflectionUtils.java:561)
	at org.junit.vintage.engine.support.UniqueIdReader.apply(UniqueIdReader.java:47)
	at org.junit.vintage.engine.support.UniqueIdReader.apply(UniqueIdReader.java:28)
	at java.base/java.util.function.Function.lambda$andThen$1(Function.java:88)
	at java.base/java.util.stream.Collectors.lambda$groupingBy$53(Collectors.java:1127)
	at java.base/java.util.stream.ReduceOps$3ReducingSink.accept(ReduceOps.java:169)
	at java.base/java.util.ArrayList$ArrayListSpliterator.forEachRemaining(ArrayList.java:1655)
	at java.base/java.util.stream.AbstractPipeline.copyInto(AbstractPipeline.java:484)
	at java.base/java.util.stream.AbstractPipeline.wrapAndCopyInto(AbstractPipeline.java:474)
	at java.base/java.util.stream.ReduceOps$ReduceOp.evaluateSequential(ReduceOps.java:913)
	at java.base/java.util.stream.AbstractPipeline.evaluate(AbstractPipeline.java:234)
	at java.base/java.util.stream.ReferencePipeline.collect(ReferencePipeline.java:578)
	at org.junit.vintage.engine.discovery.RunnerTestDescriptorPostProcessor.addChildrenRecursively(RunnerTestDescriptorPostProcessor.java:52)
	at org.junit.vintage.engine.discovery.RunnerTestDescriptorPostProcessor.applyFiltersAndCreateDescendants(RunnerTestDescriptorPostProcessor.java:45)
	at java.base/java.util.stream.ForEachOps$ForEachOp$OfRef.accept(ForEachOps.java:183)
	at java.base/java.util.stream.ReferencePipeline$3$1.accept(ReferencePipeline.java:195)
	at java.base/java.util.stream.ReferencePipeline$2$1.accept(ReferencePipeline.java:177)
	at java.base/java.util.Iterator.forEachRemaining(Iterator.java:133)
	at java.base/java.util.Spliterators$IteratorSpliterator.forEachRemaining(Spliterators.java:1801)
	at java.base/java.util.stream.AbstractPipeline.copyInto(AbstractPipeline.java:484)
	at java.base/java.util.stream.AbstractPipeline.wrapAndCopyInto(AbstractPipeline.java:474)
	at java.base/java.util.stream.ForEachOps$ForEachOp.evaluateSequential(ForEachOps.java:150)
	at java.base/java.util.stream.ForEachOps$ForEachOp$OfRef.evaluateSequential(ForEachOps.java:173)
	at java.base/java.util.stream.AbstractPipeline.evaluate(AbstractPipeline.java:234)
	at java.base/java.util.stream.ReferencePipeline.forEach(ReferencePipeline.java:497)
	at org.junit.vintage.engine.discovery.VintageDiscoverer.discover(VintageDiscoverer.java:50)
	at org.junit.vintage.engine.VintageTestEngine.discover(VintageTestEngine.java:63)
	at org.junit.platform.launcher.core.EngineDiscoveryOrchestrator.discoverEngineRoot(EngineDiscoveryOrchestrator.java:103)
	at org.junit.platform.launcher.core.EngineDiscoveryOrchestrator.discover(EngineDiscoveryOrchestrator.java:85)
	at org.junit.platform.launcher.core.DefaultLauncher.discover(DefaultLauncher.java:92)
	at org.junit.platform.launcher.core.DefaultLauncher.discover(DefaultLauncher.java:67)
	at org.apache.maven.surefire.junitplatform.TestPlanScannerFilter.accept(TestPlanScannerFilter.java:56)
	at org.apache.maven.surefire.api.util.DefaultScanResult.applyFilter(DefaultScanResult.java:102)
	at org.apache.maven.surefire.junitplatform.JUnitPlatformProvider.scanClasspath(JUnitPlatformProvider.java:147)
	at org.apache.maven.surefire.junitplatform.JUnitPlatformProvider.invoke(JUnitPlatformProvider.java:128)
	at org.apache.maven.surefire.booter.ForkedBooter.runSuitesInProcess(ForkedBooter.java:428)
	at org.apache.maven.surefire.booter.ForkedBooter.execute(ForkedBooter.java:162)
	at org.apache.maven.surefire.booter.ForkedBooter.run(ForkedBooter.java:562)
	at org.apache.maven.surefire.booter.ForkedBooter.main(ForkedBooter.java:548)

Mar 17, 2022 2:33:37 PM org.junit.vintage.engine.support.UniqueIdReader lambda$apply$1
WARNING: Could not read unique ID for Description; using display name instead: keyBAndMouseTest(formytestskeyboard.KeyboardAndMouseInputTest)
java.lang.NoSuchFieldException: fUniqueId
	at java.base/java.lang.Class.getDeclaredField(Class.java:2411)
	at org.junit.platform.commons.util.ReflectionUtils.lambda$tryToReadFieldValue$2(ReflectionUtils.java:561)
	at org.junit.platform.commons.function.Try.lambda$call$0(Try.java:57)
	at org.junit.platform.commons.function.Try.of(Try.java:93)
	at org.junit.platform.commons.function.Try.call(Try.java:57)
	at org.junit.platform.commons.util.ReflectionUtils.tryToReadFieldValue(ReflectionUtils.java:561)
	at org.junit.vintage.engine.support.UniqueIdReader.apply(UniqueIdReader.java:47)
	at org.junit.vintage.engine.support.UniqueIdReader.apply(UniqueIdReader.java:28)
	at java.base/java.util.function.Function.lambda$andThen$1(Function.java:88)
	at java.base/java.util.stream.Collectors.lambda$groupingBy$53(Collectors.java:1127)
	at java.base/java.util.stream.ReduceOps$3ReducingSink.accept(ReduceOps.java:169)
	at java.base/java.util.ArrayList$ArrayListSpliterator.forEachRemaining(ArrayList.java:1655)
	at java.base/java.util.stream.AbstractPipeline.copyInto(AbstractPipeline.java:484)
	at java.base/java.util.stream.AbstractPipeline.wrapAndCopyInto(AbstractPipeline.java:474)
	at java.base/java.util.stream.ReduceOps$ReduceOp.evaluateSequential(ReduceOps.java:913)
	at java.base/java.util.stream.AbstractPipeline.evaluate(AbstractPipeline.java:234)
	at java.base/java.util.stream.ReferencePipeline.collect(ReferencePipeline.java:578)
	at org.junit.vintage.engine.discovery.RunnerTestDescriptorPostProcessor.addChildrenRecursively(RunnerTestDescriptorPostProcessor.java:52)
	at org.junit.vintage.engine.discovery.RunnerTestDescriptorPostProcessor.applyFiltersAndCreateDescendants(RunnerTestDescriptorPostProcessor.java:45)
	at java.base/java.util.stream.ForEachOps$ForEachOp$OfRef.accept(ForEachOps.java:183)
	at java.base/java.util.stream.ReferencePipeline$3$1.accept(ReferencePipeline.java:195)
	at java.base/java.util.stream.ReferencePipeline$2$1.accept(ReferencePipeline.java:177)
	at java.base/java.util.Iterator.forEachRemaining(Iterator.java:133)
	at java.base/java.util.Spliterators$IteratorSpliterator.forEachRemaining(Spliterators.java:1801)
	at java.base/java.util.stream.AbstractPipeline.copyInto(AbstractPipeline.java:484)
	at java.base/java.util.stream.AbstractPipeline.wrapAndCopyInto(AbstractPipeline.java:474)
	at java.base/java.util.stream.ForEachOps$ForEachOp.evaluateSequential(ForEachOps.java:150)
	at java.base/java.util.stream.ForEachOps$ForEachOp$OfRef.evaluateSequential(ForEachOps.java:173)
	at java.base/java.util.stream.AbstractPipeline.evaluate(AbstractPipeline.java:234)
	at java.base/java.util.stream.ReferencePipeline.forEach(ReferencePipeline.java:497)
	at org.junit.vintage.engine.discovery.VintageDiscoverer.discover(VintageDiscoverer.java:50)
	at org.junit.vintage.engine.VintageTestEngine.discover(VintageTestEngine.java:63)
	at org.junit.platform.launcher.core.EngineDiscoveryOrchestrator.discoverEngineRoot(EngineDiscoveryOrchestrator.java:103)
	at org.junit.platform.launcher.core.EngineDiscoveryOrchestrator.discover(EngineDiscoveryOrchestrator.java:85)
	at org.junit.platform.launcher.core.DefaultLauncher.discover(DefaultLauncher.java:92)
	at org.junit.platform.launcher.core.DefaultLauncher.discover(DefaultLauncher.java:67)
	at org.apache.maven.surefire.junitplatform.TestPlanScannerFilter.accept(TestPlanScannerFilter.java:56)
	at org.apache.maven.surefire.api.util.DefaultScanResult.applyFilter(DefaultScanResult.java:102)
	at org.apache.maven.surefire.junitplatform.JUnitPlatformProvider.scanClasspath(JUnitPlatformProvider.java:147)
	at org.apache.maven.surefire.junitplatform.JUnitPlatformProvider.invoke(JUnitPlatformProvider.java:128)
	at org.apache.maven.surefire.booter.ForkedBooter.runSuitesInProcess(ForkedBooter.java:428)
	at org.apache.maven.surefire.booter.ForkedBooter.execute(ForkedBooter.java:162)
	at org.apache.maven.surefire.booter.ForkedBooter.run(ForkedBooter.java:562)
	at org.apache.maven.surefire.booter.ForkedBooter.main(ForkedBooter.java:548)

Mar 17, 2022 2:33:37 PM org.junit.vintage.engine.support.UniqueIdReader lambda$apply$1
WARNING: Could not read unique ID for Description; using display name instead: activeWindowTest(formytestswithtoactivewindow.SwitchToActiveWindowTest)
java.lang.NoSuchFieldException: fUniqueId
	at java.base/java.lang.Class.getDeclaredField(Class.java:2411)
	at org.junit.platform.commons.util.ReflectionUtils.lambda$tryToReadFieldValue$2(ReflectionUtils.java:561)
	at org.junit.platform.commons.function.Try.lambda$call$0(Try.java:57)
	at org.junit.platform.commons.function.Try.of(Try.java:93)
	at org.junit.platform.commons.function.Try.call(Try.java:57)
	at org.junit.platform.commons.util.ReflectionUtils.tryToReadFieldValue(ReflectionUtils.java:561)
	at org.junit.vintage.engine.support.UniqueIdReader.apply(UniqueIdReader.java:47)
	at org.junit.vintage.engine.support.UniqueIdReader.apply(UniqueIdReader.java:28)
	at java.base/java.util.function.Function.lambda$andThen$1(Function.java:88)
	at java.base/java.util.stream.Collectors.lambda$groupingBy$53(Collectors.java:1127)
	at java.base/java.util.stream.ReduceOps$3ReducingSink.accept(ReduceOps.java:169)
	at java.base/java.util.ArrayList$ArrayListSpliterator.forEachRemaining(ArrayList.java:1655)
	at java.base/java.util.stream.AbstractPipeline.copyInto(AbstractPipeline.java:484)
	at java.base/java.util.stream.AbstractPipeline.wrapAndCopyInto(AbstractPipeline.java:474)
	at java.base/java.util.stream.ReduceOps$ReduceOp.evaluateSequential(ReduceOps.java:913)
	at java.base/java.util.stream.AbstractPipeline.evaluate(AbstractPipeline.java:234)
	at java.base/java.util.stream.ReferencePipeline.collect(ReferencePipeline.java:578)
	at org.junit.vintage.engine.discovery.RunnerTestDescriptorPostProcessor.addChildrenRecursively(RunnerTestDescriptorPostProcessor.java:52)
	at org.junit.vintage.engine.discovery.RunnerTestDescriptorPostProcessor.applyFiltersAndCreateDescendants(RunnerTestDescriptorPostProcessor.java:45)
	at java.base/java.util.stream.ForEachOps$ForEachOp$OfRef.accept(ForEachOps.java:183)
	at java.base/java.util.stream.ReferencePipeline$3$1.accept(ReferencePipeline.java:195)
	at java.base/java.util.stream.ReferencePipeline$2$1.accept(ReferencePipeline.java:177)
	at java.base/java.util.Iterator.forEachRemaining(Iterator.java:133)
	at java.base/java.util.Spliterators$IteratorSpliterator.forEachRemaining(Spliterators.java:1801)
	at java.base/java.util.stream.AbstractPipeline.copyInto(AbstractPipeline.java:484)
	at java.base/java.util.stream.AbstractPipeline.wrapAndCopyInto(AbstractPipeline.java:474)
	at java.base/java.util.stream.ForEachOps$ForEachOp.evaluateSequential(ForEachOps.java:150)
	at java.base/java.util.stream.ForEachOps$ForEachOp$OfRef.evaluateSequential(ForEachOps.java:173)
	at java.base/java.util.stream.AbstractPipeline.evaluate(AbstractPipeline.java:234)
	at java.base/java.util.stream.ReferencePipeline.forEach(ReferencePipeline.java:497)
	at org.junit.vintage.engine.discovery.VintageDiscoverer.discover(VintageDiscoverer.java:50)
	at org.junit.vintage.engine.VintageTestEngine.discover(VintageTestEngine.java:63)
	at org.junit.platform.launcher.core.EngineDiscoveryOrchestrator.discoverEngineRoot(EngineDiscoveryOrchestrator.java:103)
	at org.junit.platform.launcher.core.EngineDiscoveryOrchestrator.discover(EngineDiscoveryOrchestrator.java:85)
	at org.junit.platform.launcher.core.DefaultLauncher.discover(DefaultLauncher.java:92)
	at org.junit.platform.launcher.core.DefaultLauncher.discover(DefaultLauncher.java:67)
	at org.apache.maven.surefire.junitplatform.TestPlanScannerFilter.accept(TestPlanScannerFilter.java:56)
	at org.apache.maven.surefire.api.util.DefaultScanResult.applyFilter(DefaultScanResult.java:102)
	at org.apache.maven.surefire.junitplatform.JUnitPlatformProvider.scanClasspath(JUnitPlatformProvider.java:147)
	at org.apache.maven.surefire.junitplatform.JUnitPlatformProvider.invoke(JUnitPlatformProvider.java:128)
	at org.apache.maven.surefire.booter.ForkedBooter.runSuitesInProcess(ForkedBooter.java:428)
	at org.apache.maven.surefire.booter.ForkedBooter.execute(ForkedBooter.java:162)
	at org.apache.maven.surefire.booter.ForkedBooter.run(ForkedBooter.java:562)
	at org.apache.maven.surefire.booter.ForkedBooter.main(ForkedBooter.java:548)

Mar 17, 2022 2:33:37 PM org.junit.vintage.engine.support.UniqueIdReader lambda$apply$1
WARNING: Could not read unique ID for Description; using display name instead: googleElement(google.GoogleTest)
java.lang.NoSuchFieldException: fUniqueId
	at java.base/java.lang.Class.getDeclaredField(Class.java:2411)
	at org.junit.platform.commons.util.ReflectionUtils.lambda$tryToReadFieldValue$2(ReflectionUtils.java:561)
	at org.junit.platform.commons.function.Try.lambda$call$0(Try.java:57)
	at org.junit.platform.commons.function.Try.of(Try.java:93)
	at org.junit.platform.commons.function.Try.call(Try.java:57)
	at org.junit.platform.commons.util.ReflectionUtils.tryToReadFieldValue(ReflectionUtils.java:561)
	at org.junit.vintage.engine.support.UniqueIdReader.apply(UniqueIdReader.java:47)
	at org.junit.vintage.engine.support.UniqueIdReader.apply(UniqueIdReader.java:28)
	at java.base/java.util.function.Function.lambda$andThen$1(Function.java:88)
	at java.base/java.util.stream.Collectors.lambda$groupingBy$53(Collectors.java:1127)
	at java.base/java.util.stream.ReduceOps$3ReducingSink.accept(ReduceOps.java:169)
	at java.base/java.util.ArrayList$ArrayListSpliterator.forEachRemaining(ArrayList.java:1655)
	at java.base/java.util.stream.AbstractPipeline.copyInto(AbstractPipeline.java:484)
	at java.base/java.util.stream.AbstractPipeline.wrapAndCopyInto(AbstractPipeline.java:474)
	at java.base/java.util.stream.ReduceOps$ReduceOp.evaluateSequential(ReduceOps.java:913)
	at java.base/java.util.stream.AbstractPipeline.evaluate(AbstractPipeline.java:234)
	at java.base/java.util.stream.ReferencePipeline.collect(ReferencePipeline.java:578)
	at org.junit.vintage.engine.discovery.RunnerTestDescriptorPostProcessor.addChildrenRecursively(RunnerTestDescriptorPostProcessor.java:52)
	at org.junit.vintage.engine.discovery.RunnerTestDescriptorPostProcessor.applyFiltersAndCreateDescendants(RunnerTestDescriptorPostProcessor.java:45)
	at java.base/java.util.stream.ForEachOps$ForEachOp$OfRef.accept(ForEachOps.java:183)
	at java.base/java.util.stream.ReferencePipeline$3$1.accept(ReferencePipeline.java:195)
	at java.base/java.util.stream.ReferencePipeline$2$1.accept(ReferencePipeline.java:177)
	at java.base/java.util.Iterator.forEachRemaining(Iterator.java:133)
	at java.base/java.util.Spliterators$IteratorSpliterator.forEachRemaining(Spliterators.java:1801)
	at java.base/java.util.stream.AbstractPipeline.copyInto(AbstractPipeline.java:484)
	at java.base/java.util.stream.AbstractPipeline.wrapAndCopyInto(AbstractPipeline.java:474)
	at java.base/java.util.stream.ForEachOps$ForEachOp.evaluateSequential(ForEachOps.java:150)
	at java.base/java.util.stream.ForEachOps$ForEachOp$OfRef.evaluateSequential(ForEachOps.java:173)
	at java.base/java.util.stream.AbstractPipeline.evaluate(AbstractPipeline.java:234)
	at java.base/java.util.stream.ReferencePipeline.forEach(ReferencePipeline.java:497)
	at org.junit.vintage.engine.discovery.VintageDiscoverer.discover(VintageDiscoverer.java:50)
	at org.junit.vintage.engine.VintageTestEngine.discover(VintageTestEngine.java:63)
	at org.junit.platform.launcher.core.EngineDiscoveryOrchestrator.discoverEngineRoot(EngineDiscoveryOrchestrator.java:103)
	at org.junit.platform.launcher.core.EngineDiscoveryOrchestrator.discover(EngineDiscoveryOrchestrator.java:85)
	at org.junit.platform.launcher.core.DefaultLauncher.discover(DefaultLauncher.java:92)
	at org.junit.platform.launcher.core.DefaultLauncher.discover(DefaultLauncher.java:67)
	at org.apache.maven.surefire.junitplatform.TestPlanScannerFilter.accept(TestPlanScannerFilter.java:56)
	at org.apache.maven.surefire.api.util.DefaultScanResult.applyFilter(DefaultScanResult.java:102)
	at org.apache.maven.surefire.junitplatform.JUnitPlatformProvider.scanClasspath(JUnitPlatformProvider.java:147)
	at org.apache.maven.surefire.junitplatform.JUnitPlatformProvider.invoke(JUnitPlatformProvider.java:128)
	at org.apache.maven.surefire.booter.ForkedBooter.runSuitesInProcess(ForkedBooter.java:428)
	at org.apache.maven.surefire.booter.ForkedBooter.execute(ForkedBooter.java:162)
	at org.apache.maven.surefire.booter.ForkedBooter.run(ForkedBooter.java:562)
	at org.apache.maven.surefire.booter.ForkedBooter.main(ForkedBooter.java:548)

Mar 17, 2022 2:33:37 PM org.junit.vintage.engine.support.UniqueIdReader lambda$apply$1
WARNING: Could not read unique ID for Description; using display name instead: AutofillTest(implicitwait.AutoCompleteImplicitWaitTest)
java.lang.NoSuchFieldException: fUniqueId
	at java.base/java.lang.Class.getDeclaredField(Class.java:2411)
	at org.junit.platform.commons.util.ReflectionUtils.lambda$tryToReadFieldValue$2(ReflectionUtils.java:561)
	at org.junit.platform.commons.function.Try.lambda$call$0(Try.java:57)
	at org.junit.platform.commons.function.Try.of(Try.java:93)
	at org.junit.platform.commons.function.Try.call(Try.java:57)
	at org.junit.platform.commons.util.ReflectionUtils.tryToReadFieldValue(ReflectionUtils.java:561)
	at org.junit.vintage.engine.support.UniqueIdReader.apply(UniqueIdReader.java:47)
	at org.junit.vintage.engine.support.UniqueIdReader.apply(UniqueIdReader.java:28)
	at java.base/java.util.function.Function.lambda$andThen$1(Function.java:88)
	at java.base/java.util.stream.Collectors.lambda$groupingBy$53(Collectors.java:1127)
	at java.base/java.util.stream.ReduceOps$3ReducingSink.accept(ReduceOps.java:169)
	at java.base/java.util.ArrayList$ArrayListSpliterator.forEachRemaining(ArrayList.java:1655)
	at java.base/java.util.stream.AbstractPipeline.copyInto(AbstractPipeline.java:484)
	at java.base/java.util.stream.AbstractPipeline.wrapAndCopyInto(AbstractPipeline.java:474)
	at java.base/java.util.stream.ReduceOps$ReduceOp.evaluateSequential(ReduceOps.java:913)
	at java.base/java.util.stream.AbstractPipeline.evaluate(AbstractPipeline.java:234)
	at java.base/java.util.stream.ReferencePipeline.collect(ReferencePipeline.java:578)
	at org.junit.vintage.engine.discovery.RunnerTestDescriptorPostProcessor.addChildrenRecursively(RunnerTestDescriptorPostProcessor.java:52)
	at org.junit.vintage.engine.discovery.RunnerTestDescriptorPostProcessor.applyFiltersAndCreateDescendants(RunnerTestDescriptorPostProcessor.java:45)
	at java.base/java.util.stream.ForEachOps$ForEachOp$OfRef.accept(ForEachOps.java:183)
	at java.base/java.util.stream.ReferencePipeline$3$1.accept(ReferencePipeline.java:195)
	at java.base/java.util.stream.ReferencePipeline$2$1.accept(ReferencePipeline.java:177)
	at java.base/java.util.Iterator.forEachRemaining(Iterator.java:133)
	at java.base/java.util.Spliterators$IteratorSpliterator.forEachRemaining(Spliterators.java:1801)
[...]
	at org.junit.vintage.engine.VintageTestEngine.discover(VintageTestEngine.java:63)
	at org.junit.platform.launcher.core.EngineDiscoveryOrchestrator.discoverEngineRoot(EngineDiscoveryOrchestrator.java:103)
	at org.junit.platform.launcher.core.EngineDiscoveryOrchestrator.discover(EngineDiscoveryOrchestrator.java:85)
	at org.junit.platform.launcher.core.DefaultLauncher.discover(DefaultLauncher.java:92)
	at org.junit.platform.launcher.core.DefaultLauncher.execute(DefaultLauncher.java:75)
	at org.apache.maven.surefire.junitplatform.JUnitPlatformProvider.execute(JUnitPlatformProvider.java:188)
	at org.apache.maven.surefire.junitplatform.JUnitPlatformProvider.invokeAllTests(JUnitPlatformProvider.java:154)
	at org.apache.maven.surefire.junitplatform.JUnitPlatformProvider.invoke(JUnitPlatformProvider.java:128)
	at org.apache.maven.surefire.booter.ForkedBooter.runSuitesInProcess(ForkedBooter.java:428)
	at org.apache.maven.surefire.booter.ForkedBooter.execute(ForkedBooter.java:162)
	at org.apache.maven.surefire.booter.ForkedBooter.run(ForkedBooter.java:562)
	at org.apache.maven.surefire.booter.ForkedBooter.main(ForkedBooter.java:548)

Mar 17, 2022 2:33:38 PM org.junit.vintage.engine.support.UniqueIdReader lambda$apply$1
WARNING: Could not read unique ID for Description; using display name instead: googleElement(google.GoogleTest)
java.lang.NoSuchFieldException: fUniqueId
	at java.base/java.lang.Class.getDeclaredField(Class.java:2411)
	at org.junit.platform.commons.util.ReflectionUtils.lambda$tryToReadFieldValue$2(ReflectionUtils.java:561)
	at org.junit.platform.commons.function.Try.lambda$call$0(Try.java:57)
	at org.junit.platform.commons.function.Try.of(Try.java:93)
	at org.junit.platform.commons.function.Try.call(Try.java:57)
	at org.junit.platform.commons.util.ReflectionUtils.tryToReadFieldValue(ReflectionUtils.java:561)
	at org.junit.vintage.engine.support.UniqueIdReader.apply(UniqueIdReader.java:47)
	at org.junit.vintage.engine.support.UniqueIdReader.apply(UniqueIdReader.java:28)
	at java.base/java.util.function.Function.lambda$andThen$1(Function.java:88)
	at java.base/java.util.stream.Collectors.lambda$groupingBy$53(Collectors.java:1127)
	at java.base/java.util.stream.ReduceOps$3ReducingSink.accept(ReduceOps.java:169)
	at java.base/java.util.ArrayList$ArrayListSpliterator.forEachRemaining(ArrayList.java:1655)
	at java.base/java.util.stream.AbstractPipeline.copyInto(AbstractPipeline.java:484)
	at java.base/java.util.stream.AbstractPipeline.wrapAndCopyInto(AbstractPipeline.java:474)
	at java.base/java.util.stream.ReduceOps$ReduceOp.evaluateSequential(ReduceOps.java:913)
	at java.base/java.util.stream.AbstractPipeline.evaluate(AbstractPipeline.java:234)
	at java.base/java.util.stream.ReferencePipeline.collect(ReferencePipeline.java:578)
	at org.junit.vintage.engine.discovery.RunnerTestDescriptorPostProcessor.addChildrenRecursively(RunnerTestDescriptorPostProcessor.java:52)
	at org.junit.vintage.engine.discovery.RunnerTestDescriptorPostProcessor.applyFiltersAndCreateDescendants(RunnerTestDescriptorPostProcessor.java:45)
	at java.base/java.util.stream.ForEachOps$ForEachOp$OfRef.accept(ForEachOps.java:183)
	at java.base/java.util.stream.ReferencePipeline$3$1.accept(ReferencePipeline.java:195)
	at java.base/java.util.stream.ReferencePipeline$2$1.accept(ReferencePipeline.java:177)
	at java.base/java.util.Iterator.forEachRemaining(Iterator.java:133)
	at java.base/java.util.Spliterators$IteratorSpliterator.forEachRemaining(Spliterators.java:1801)
	at java.base/java.util.stream.AbstractPipeline.copyInto(AbstractPipeline.java:484)
	at java.base/java.util.stream.AbstractPipeline.wrapAndCopyInto(AbstractPipeline.java:474)
	at java.base/java.util.stream.ForEachOps$ForEachOp.evaluateSequential(ForEachOps.java:150)
	at java.base/java.util.stream.ForEachOps$ForEachOp$OfRef.evaluateSequential(ForEachOps.java:173)
	at java.base/java.util.stream.AbstractPipeline.evaluate(AbstractPipeline.java:234)
	at java.base/java.util.stream.ReferencePipeline.forEach(ReferencePipeline.java:497)
	at org.junit.vintage.engine.discovery.VintageDiscoverer.discover(VintageDiscoverer.java:50)
	at org.junit.vintage.engine.VintageTestEngine.discover(VintageTestEngine.java:63)
	at org.junit.platform.launcher.core.EngineDiscoveryOrchestrator.discoverEngineRoot(EngineDiscoveryOrchestrator.java:103)
	at org.junit.platform.launcher.core.EngineDiscoveryOrchestrator.discover(EngineDiscoveryOrchestrator.java:85)
	at org.junit.platform.launcher.core.DefaultLauncher.discover(DefaultLauncher.java:92)
	at org.junit.platform.launcher.core.DefaultLauncher.execute(DefaultLauncher.java:75)
	at org.apache.maven.surefire.junitplatform.JUnitPlatformProvider.execute(JUnitPlatformProvider.java:188)
	at org.apache.maven.surefire.junitplatform.JUnitPlatformProvider.invokeAllTests(JUnitPlatformProvider.java:154)
	at org.apache.maven.surefire.junitplatform.JUnitPlatformProvider.invoke(JUnitPlatformProvider.java:128)
	at org.apache.maven.surefire.booter.ForkedBooter.runSuitesInProcess(ForkedBooter.java:428)
	at org.apache.maven.surefire.booter.ForkedBooter.execute(ForkedBooter.java:162)
	at org.apache.maven.surefire.booter.ForkedBooter.run(ForkedBooter.java:562)
	at org.apache.maven.surefire.booter.ForkedBooter.main(ForkedBooter.java:548)

Mar 17, 2022 2:33:38 PM org.junit.vintage.engine.support.UniqueIdReader lambda$apply$1
WARNING: Could not read unique ID for Description; using display name instead: AutofillTest(implicitwait.AutoCompleteImplicitWaitTest)
java.lang.NoSuchFieldException: fUniqueId
	at java.base/java.lang.Class.getDeclaredField(Class.java:2411)
	at org.junit.platform.commons.util.ReflectionUtils.lambda$tryToReadFieldValue$2(ReflectionUtils.java:561)
	at org.junit.platform.commons.function.Try.lambda$call$0(Try.java:57)
	at org.junit.platform.commons.function.Try.of(Try.java:93)
	at org.junit.platform.commons.function.Try.call(Try.java:57)
	at org.junit.platform.commons.util.ReflectionUtils.tryToReadFieldValue(ReflectionUtils.java:561)
	at org.junit.vintage.engine.support.UniqueIdReader.apply(UniqueIdReader.java:47)
	at org.junit.vintage.engine.support.UniqueIdReader.apply(UniqueIdReader.java:28)
	at java.base/java.util.function.Function.lambda$andThen$1(Function.java:88)
	at java.base/java.util.stream.Collectors.lambda$groupingBy$53(Collectors.java:1127)
	at java.base/java.util.stream.ReduceOps$3ReducingSink.accept(ReduceOps.java:169)
	at java.base/java.util.ArrayList$ArrayListSpliterator.forEachRemaining(ArrayList.java:1655)
	at java.base/java.util.stream.AbstractPipeline.copyInto(AbstractPipeline.java:484)
	at java.base/java.util.stream.AbstractPipeline.wrapAndCopyInto(AbstractPipeline.java:474)
	at java.base/java.util.stream.ReduceOps$ReduceOp.evaluateSequential(ReduceOps.java:913)
	at java.base/java.util.stream.AbstractPipeline.evaluate(AbstractPipeline.java:234)
	at java.base/java.util.stream.ReferencePipeline.collect(ReferencePipeline.java:578)
	at org.junit.vintage.engine.discovery.RunnerTestDescriptorPostProcessor.addChildrenRecursively(RunnerTestDescriptorPostProcessor.java:52)
	at org.junit.vintage.engine.discovery.RunnerTestDescriptorPostProcessor.applyFiltersAndCreateDescendants(RunnerTestDescriptorPostProcessor.java:45)
	at java.base/java.util.stream.ForEachOps$ForEachOp$OfRef.accept(ForEachOps.java:183)
	at java.base/java.util.stream.ReferencePipeline$3$1.accept(ReferencePipeline.java:195)
	at java.base/java.util.stream.ReferencePipeline$2$1.accept(ReferencePipeline.java:177)
	at java.base/java.util.Iterator.forEachRemaining(Iterator.java:133)
	at java.base/java.util.Spliterators$IteratorSpliterator.forEachRemaining(Spliterators.java:1801)
	at java.base/java.util.stream.AbstractPipeline.copyInto(AbstractPipeline.java:484)
	at java.base/java.util.stream.AbstractPipeline.wrapAndCopyInto(AbstractPipeline.java:474)
	at java.base/java.util.stream.ForEachOps$ForEachOp.evaluateSequential(ForEachOps.java:150)
	at java.base/java.util.stream.ForEachOps$ForEachOp$OfRef.evaluateSequential(ForEachOps.java:173)
	at java.base/java.util.stream.AbstractPipeline.evaluate(AbstractPipeline.java:234)
	at java.base/java.util.stream.ReferencePipeline.forEach(ReferencePipeline.java:497)
	at org.junit.vintage.engine.discovery.VintageDiscoverer.discover(VintageDiscoverer.java:50)
	at org.junit.vintage.engine.VintageTestEngine.discover(VintageTestEngine.java:63)
	at org.junit.platform.launcher.core.EngineDiscoveryOrchestrator.discoverEngineRoot(EngineDiscoveryOrchestrator.java:103)
	at org.junit.platform.launcher.core.EngineDiscoveryOrchestrator.discover(EngineDiscoveryOrchestrator.java:85)
	at org.junit.platform.launcher.core.DefaultLauncher.discover(DefaultLauncher.java:92)
	at org.junit.platform.launcher.core.DefaultLauncher.execute(DefaultLauncher.java:75)
	at org.apache.maven.surefire.junitplatform.JUnitPlatformProvider.execute(JUnitPlatformProvider.java:188)
	at org.apache.maven.surefire.junitplatform.JUnitPlatformProvider.invokeAllTests(JUnitPlatformProvider.java:154)
	at org.apache.maven.surefire.junitplatform.JUnitPlatformProvider.invoke(JUnitPlatformProvider.java:128)
	at org.apache.maven.surefire.booter.ForkedBooter.runSuitesInProcess(ForkedBooter.java:428)
	at org.apache.maven.surefire.booter.ForkedBooter.execute(ForkedBooter.java:162)
	at org.apache.maven.surefire.booter.ForkedBooter.run(ForkedBooter.java:562)
	at org.apache.maven.surefire.booter.ForkedBooter.main(ForkedBooter.java:548)

Mar 17, 2022 2:33:38 PM org.junit.vintage.engine.support.UniqueIdReader lambda$apply$1
WARNING: Could not read unique ID for Description; using display name instead: elementsQuiz1(locatingelements.LocatingElementsTest)
java.lang.NoSuchFieldException: fUniqueId
	at java.base/java.lang.Class.getDeclaredField(Class.java:2411)
	at org.junit.platform.commons.util.ReflectionUtils.lambda$tryToReadFieldValue$2(ReflectionUtils.java:561)
	at org.junit.platform.commons.function.Try.lambda$call$0(Try.java:57)
	at org.junit.platform.commons.function.Try.of(Try.java:93)
	at org.junit.platform.commons.function.Try.call(Try.java:57)
	at org.junit.platform.commons.util.ReflectionUtils.tryToReadFieldValue(ReflectionUtils.java:561)
	at org.junit.vintage.engine.support.UniqueIdReader.apply(UniqueIdReader.java:47)
	at org.junit.vintage.engine.support.UniqueIdReader.apply(UniqueIdReader.java:28)
	at java.base/java.util.function.Function.lambda$andThen$1(Function.java:88)
	at java.base/java.util.stream.Collectors.lambda$groupingBy$53(Collectors.java:1127)
	at java.base/java.util.stream.ReduceOps$3ReducingSink.accept(ReduceOps.java:169)
	at java.base/java.util.ArrayList$ArrayListSpliterator.forEachRemaining(ArrayList.java:1655)
	at java.base/java.util.stream.AbstractPipeline.copyInto(AbstractPipeline.java:484)
	at java.base/java.util.stream.AbstractPipeline.wrapAndCopyInto(AbstractPipeline.java:474)
	at java.base/java.util.stream.ReduceOps$ReduceOp.evaluateSequential(ReduceOps.java:913)
	at java.base/java.util.stream.AbstractPipeline.evaluate(AbstractPipeline.java:234)
	at java.base/java.util.stream.ReferencePipeline.collect(ReferencePipeline.java:578)
	at org.junit.vintage.engine.discovery.RunnerTestDescriptorPostProcessor.addChildrenRecursively(RunnerTestDescriptorPostProcessor.java:52)
	at org.junit.vintage.engine.discovery.RunnerTestDescriptorPostProcessor.applyFiltersAndCreateDescendants(RunnerTestDescriptorPostProcessor.java:45)
	at java.base/java.util.stream.ForEachOps$ForEachOp$OfRef.accept(ForEachOps.java:183)
	at java.base/java.util.stream.ReferencePipeline$3$1.accept(ReferencePipeline.java:195)
	at java.base/java.util.stream.ReferencePipeline$2$1.accept(ReferencePipeline.java:177)
	at java.base/java.util.Iterator.forEachRemaining(Iterator.java:133)
	at java.base/java.util.Spliterators$IteratorSpliterator.forEachRemaining(Spliterators.java:1801)
	at java.base/java.util.stream.AbstractPipeline.copyInto(AbstractPipeline.java:484)
	at java.base/java.util.stream.AbstractPipeline.wrapAndCopyInto(AbstractPipeline.java:474)
	at java.base/java.util.stream.ForEachOps$ForEachOp.evaluateSequential(ForEachOps.java:150)
	at java.base/java.util.stream.ForEachOps$ForEachOp$OfRef.evaluateSequential(ForEachOps.java:173)
	at java.base/java.util.stream.AbstractPipeline.evaluate(AbstractPipeline.java:234)
	at java.base/java.util.stream.ReferencePipeline.forEach(ReferencePipeline.java:497)
	at org.junit.vintage.engine.discovery.VintageDiscoverer.discover(VintageDiscoverer.java:50)
	at org.junit.vintage.engine.VintageTestEngine.discover(VintageTestEngine.java:63)
	at org.junit.platform.launcher.core.EngineDiscoveryOrchestrator.discoverEngineRoot(EngineDiscoveryOrchestrator.java:103)
	at org.junit.platform.launcher.core.EngineDiscoveryOrchestrator.discover(EngineDiscoveryOrchestrator.java:85)
	at org.junit.platform.launcher.core.DefaultLauncher.discover(DefaultLauncher.java:92)
	at org.junit.platform.launcher.core.DefaultLauncher.execute(DefaultLauncher.java:75)
	at org.apache.maven.surefire.junitplatform.JUnitPlatformProvider.execute(JUnitPlatformProvider.java:188)
	at org.apache.maven.surefire.junitplatform.JUnitPlatformProvider.invokeAllTests(JUnitPlatformProvider.java:154)
	at org.apache.maven.surefire.junitplatform.JUnitPlatformProvider.invoke(JUnitPlatformProvider.java:128)
	at org.apache.maven.surefire.booter.ForkedBooter.runSuitesInProcess(ForkedBooter.java:428)
	at org.apache.maven.surefire.booter.ForkedBooter.execute(ForkedBooter.java:162)
	at org.apache.maven.surefire.booter.ForkedBooter.run(ForkedBooter.java:562)
	at org.apache.maven.surefire.booter.ForkedBooter.main(ForkedBooter.java:548)

Mar 17, 2022 2:33:38 PM org.junit.vintage.engine.support.UniqueIdReader lambda$apply$1
WARNING: Could not read unique ID for Description; using display name instead: typesOfLocators(locatingelements.LocatingElementsTest)
java.lang.NoSuchFieldException: fUniqueId
	at java.base/java.lang.Class.getDeclaredField(Class.java:2411)
	at org.junit.platform.commons.util.ReflectionUtils.lambda$tryToReadFieldValue$2(ReflectionUtils.java:561)
	at org.junit.platform.commons.function.Try.lambda$call$0(Try.java:57)
	at org.junit.platform.commons.function.Try.of(Try.java:93)
	at org.junit.platform.commons.function.Try.call(Try.java:57)
	at org.junit.platform.commons.util.ReflectionUtils.tryToReadFieldValue(ReflectionUtils.java:561)
	at org.junit.vintage.engine.support.UniqueIdReader.apply(UniqueIdReader.java:47)
	at org.junit.vintage.engine.support.UniqueIdReader.apply(UniqueIdReader.java:28)
	at java.base/java.util.function.Function.lambda$andThen$1(Function.java:88)
	at java.base/java.util.stream.Collectors.lambda$groupingBy$53(Collectors.java:1127)
	at java.base/java.util.stream.ReduceOps$3ReducingSink.accept(ReduceOps.java:169)
	at java.base/java.util.ArrayList$ArrayListSpliterator.forEachRemaining(ArrayList.java:1655)
	at java.base/java.util.stream.AbstractPipeline.copyInto(AbstractPipeline.java:484)
	at java.base/java.util.stream.AbstractPipeline.wrapAndCopyInto(AbstractPipeline.java:474)
	at java.base/java.util.stream.ReduceOps$ReduceOp.evaluateSequential(ReduceOps.java:913)
	at java.base/java.util.stream.AbstractPipeline.evaluate(AbstractPipeline.java:234)
	at java.base/java.util.stream.ReferencePipeline.collect(ReferencePipeline.java:578)
	at org.junit.vintage.engine.discovery.RunnerTestDescriptorPostProcessor.addChildrenRecursively(RunnerTestDescriptorPostProcessor.java:52)
	at org.junit.vintage.engine.discovery.RunnerTestDescriptorPostProcessor.applyFiltersAndCreateDescendants(RunnerTestDescriptorPostProcessor.java:45)
	at java.base/java.util.stream.ForEachOps$ForEachOp$OfRef.accept(ForEachOps.java:183)
	at java.base/java.util.stream.ReferencePipeline$3$1.accept(ReferencePipeline.java:195)
	at java.base/java.util.stream.ReferencePipeline$2$1.accept(ReferencePipeline.java:177)
	at java.base/java.util.Iterator.forEachRemaining(Iterator.java:133)
	at java.base/java.util.Spliterators$IteratorSpliterator.forEachRemaining(Spliterators.java:1801)
	at java.base/java.util.stream.AbstractPipeline.copyInto(AbstractPipeline.java:484)
	at java.base/java.util.stream.AbstractPipeline.wrapAndCopyInto(AbstractPipeline.java:474)
	at java.base/java.util.stream.ForEachOps$ForEachOp.evaluateSequential(ForEachOps.java:150)
	at java.base/java.util.stream.ForEachOps$ForEachOp$OfRef.evaluateSequential(ForEachOps.java:173)
	at java.base/java.util.stream.AbstractPipeline.evaluate(AbstractPipeline.java:234)
	at java.base/java.util.stream.ReferencePipeline.forEach(ReferencePipeline.java:497)
	at org.junit.vintage.engine.discovery.VintageDiscoverer.discover(VintageDiscoverer.java:50)
	at org.junit.vintage.engine.VintageTestEngine.discover(VintageTestEngine.java:63)
	at org.junit.platform.launcher.core.EngineDiscoveryOrchestrator.discoverEngineRoot(EngineDiscoveryOrchestrator.java:103)
	at org.junit.platform.launcher.core.EngineDiscoveryOrchestrator.discover(EngineDiscoveryOrchestrator.java:85)
	at org.junit.platform.launcher.core.DefaultLauncher.discover(DefaultLauncher.java:92)
	at org.junit.platform.launcher.core.DefaultLauncher.execute(DefaultLauncher.java:75)
	at org.apache.maven.surefire.junitplatform.JUnitPlatformProvider.execute(JUnitPlatformProvider.java:188)
	at org.apache.maven.surefire.junitplatform.JUnitPlatformProvider.invokeAllTests(JUnitPlatformProvider.java:154)
	at org.apache.maven.surefire.junitplatform.JUnitPlatformProvider.invoke(JUnitPlatformProvider.java:128)
	at org.apache.maven.surefire.booter.ForkedBooter.runSuitesInProcess(ForkedBooter.java:428)
	at org.apache.maven.surefire.booter.ForkedBooter.execute(ForkedBooter.java:162)
	at org.apache.maven.surefire.booter.ForkedBooter.run(ForkedBooter.java:562)
	at org.apache.maven.surefire.booter.ForkedBooter.main(ForkedBooter.java:548)

SLF4J: Failed to load class "org.slf4j.impl.StaticLoggerBinder".
SLF4J: Defaulting to no-operation (NOP) logger implementation
SLF4J: See http://www.slf4j.org/codes.html#StaticLoggerBinder for further details.
Starting MSEdgeDriver 99.0.1150.39 (83e7eb830583bb2e45c92fa97398f3704f87af0d) on port 51906
Only local connections are allowed.
Please see https://chromedriver.chromium.org/security-considerations for suggestions on keeping MSEdgeDriver safe.
MSEdgeDriver was started successfully.
]]></system-err>
  </testcase>
  <testcase name="cypressTest" classname="com.deashadow.seleniumtests.SeleniumEdgeTest" time="43.239">
    <system-err><![CDATA[Starting MSEdgeDriver 99.0.1150.39 (83e7eb830583bb2e45c92fa97398f3704f87af0d) on port 65163
Only local connections are allowed.
Please see https://chromedriver.chromium.org/security-considerations for suggestions on keeping MSEdgeDriver safe.
MSEdgeDriver was started successfully.
Mar 17, 2022 2:35:28 PM org.openqa.selenium.remote.ProtocolHandshake createSession
INFO: Detected dialect: W3C
Mar 17, 2022 2:35:29 PM org.openqa.selenium.devtools.CdpVersionFinder findNearestMatch
WARNING: Unable to find an exact match for CDP version 99, so returning the closest version found: 97
Mar 17, 2022 2:35:29 PM org.openqa.selenium.devtools.CdpVersionFinder findNearestMatch
INFO: Found CDP implementation for version 99 of 97
]]></system-err>
  </testcase>
  <testcase name="shoppingCartTest" classname="com.deashadow.seleniumtests.SeleniumEdgeTest" time="17.533">
    <system-err><![CDATA[Starting MSEdgeDriver 99.0.1150.39 (83e7eb830583bb2e45c92fa97398f3704f87af0d) on port 60667
Only local connections are allowed.
Please see https://chromedriver.chromium.org/security-considerations for suggestions on keeping MSEdgeDriver safe.
MSEdgeDriver was started successfully.
Mar 17, 2022 2:35:49 PM org.openqa.selenium.remote.ProtocolHandshake createSession
INFO: Detected dialect: W3C
Mar 17, 2022 2:35:49 PM org.openqa.selenium.devtools.CdpVersionFinder findNearestMatch
WARNING: Unable to find an exact match for CDP version 99, so returning the closest version found: 97
Mar 17, 2022 2:35:49 PM org.openqa.selenium.devtools.CdpVersionFinder findNearestMatch
INFO: Found CDP implementation for version 99 of 97
]]></system-err>
  </testcase>
</testsuite>